#
# A fatal error has been detected by the Java Runtime Environment:
#
#  SIGSEGV (0xb) at pc=0x000000010b8b6e9e, pid=23479, tid=0x0000000000005303
#
# JRE version: Java(TM) SE Runtime Environment (8.0_161-b12) (build 1.8.0_161-b12)
# Java VM: Java HotSpot(TM) 64-Bit Server VM (25.161-b12 mixed mode bsd-amd64 compressed oops)
# Problematic frame:
# V  [libjvm.dylib+0x2c4e9e]  void PSParallelCompact::mark_and_push<unsigned int>(ParCompactionManager*, unsigned int*)+0x58
#
# Failed to write core dump. Core dumps have been disabled. To enable core dumping, try "ulimit -c unlimited" before starting Java again
#
# If you would like to submit a bug report, please visit:
#   http://bugreport.java.com/bugreport/crash.jsp
#

---------------  T H R E A D  ---------------

Current thread (0x00007fcda7002000):  GCTaskThread [stack: 0x0000700002487000,0x0000700002587000] [id=21251]

siginfo: si_signo: 11 (SIGSEGV), si_code: 0 (unknown), si_addr: 0x0000000000000000

Registers:
RAX=0x0000000122189000, RBX=0x00007fcda90036c0, RCX=0x03ffffffe5001000, RDX=0x1fffffff28008000
RSP=0x0000700002586c70, RBP=0x0000700002586c90, RSI=0x000000071f173db8, RDI=0x00007fcda90036c0
R8 =0x0000000000000be2, R9 =0x0000000000001b7b, R10=0x2222222222222201, R11=0x0000000000000002
R12=0x000000071f173db8, R13=0x000000071f173dc8, R14=0x0000000000040000, R15=0x00000007c006aeb0
RIP=0x000000010b8b6e9e, EFLAGS=0x0000000000010206, ERR=0x0000000000000000
  TRAPNO=0x000000000000000d

Top of Stack: (sp=0x0000700002586c70)
0x0000700002586c70:   0000700002586ce0 00007fcda90036c0
0x0000700002586c80:   00000007c006aea8 00000007c006aeb0
0x0000700002586c90:   0000700002586ce0 000000010b8b39d9
0x0000700002586ca0:   00007fcda90036c0 000000071f173da8
0x0000700002586cb0:   00000006c25af710 00007fcda90036c0
0x0000700002586cc0:   000000071f173da8 0000000002a2ec00
0x0000700002586cd0:   00007fcda90036c8 000000010be35ad0
0x0000700002586ce0:   0000700002586d70 000000010bab1194
0x0000700002586cf0:   0000000002a2e800 00007fcda9003700
0x0000700002586d00:   00007fcda9003748 00007fcda9003780
0x0000700002586d10:   000000072ec10088 0000000702a2ec00
0x0000700002586d20:   000000071f173da8 0002781600000b07
0x0000700002586d30:   0000700002586d70 000000010baa4171
0x0000700002586d40:   0003867e0000e79a 0000000000000004
0x0000700002586d50:   0000700002586da0 000000010be35ad0
0x0000700002586d60:   00007fcda90036c0 0000700002586d8c
0x0000700002586d70:   0000700002586dd0 000000010baa38c2
0x0000700002586d80:   00007fcda884c500 481996dd0b869753
0x0000700002586d90:   000000072ec10088 0000000002a2e600
0x0000700002586da0:   000000070fad5428 00007fcda7002000
0x0000700002586db0:   0000000000000000 000000010bc08dee
0x0000700002586dc0:   00007fcda884c500 0000000000000001
0x0000700002586dd0:   0000700002586eb0 000000010b869ccb
0x0000700002586de0:   0000700002586e10 00007fcda6f02980
0x0000700002586df0:   00007fcda6f029b0 00007fcda6f029c0
0x0000700002586e00:   00007fcda6f02d98 00000000000003d8
0x0000700002586e10:   00007fcda7002000 00007fcda6f02da0
0x0000700002586e20:   00007fcda6f02de0 00007fcda6f02df0
0x0000700002586e30:   00007fcda6f02ec8 00000000000000d8
0x0000700002586e40:   0000700002586e50 0000000000000000
0x0000700002586e50:   00007fcda7002000 00007fcda6f02da0
0x0000700002586e60:   00007fcda6f02de0 00007fcda6f02df0 

Instructions: (pc=0x000000010b8b6e9e)
0x000000010b8b6e7e:   10 48 c1 ea 03 48 8d 0d 9e 33 56 00 8a 09 48 d3
0x000000010b8b6e8e:   ea 48 89 d1 48 83 e1 c0 48 c1 e9 03 48 8b 40 30
0x000000010b8b6e9e:   48 8b 04 08 48 0f a3 d0 72 5d 4c 89 f7 e8 9c 5e
0x000000010b8b6eae:   ee ff 4c 63 f8 48 8d 3d 06 28 63 00 4c 89 f6 4c 

Register to memory mapping:

RAX=0x0000000122189000 is an unknown value
RBX=0x00007fcda90036c0 is an unknown value
RCX=0x03ffffffe5001000 is an unknown value
RDX=0x1fffffff28008000 is an unknown value
RSP=0x0000700002586c70 is an unknown value
RBP=0x0000700002586c90 is an unknown value
RSI=0x000000071f173db8 is pointing into object: 0x000000071f173da8
House 
 - klass: 'House'
RDI=0x00007fcda90036c0 is an unknown value
R8 =0x0000000000000be2 is an unknown value
R9 =0x0000000000001b7b is an unknown value
R10=0x2222222222222201 is an unknown value
R11=0x0000000000000002 is an unknown value
R12=0x000000071f173db8 is pointing into object: 0x000000071f173da8
House 
 - klass: 'House'
R13=0x000000071f173dc8 is an oop
House 
 - klass: 'House'
R14=0x0000000000040000 is an unknown value
R15=0x00000007c006aeb0 is pointing into metadata


Stack: [0x0000700002487000,0x0000700002587000],  sp=0x0000700002586c70,  free space=1023k
Native frames: (J=compiled Java code, j=interpreted, Vv=VM code, C=native code)
V  [libjvm.dylib+0x2c4e9e]  void PSParallelCompact::mark_and_push<unsigned int>(ParCompactionManager*, unsigned int*)+0x58
V  [libjvm.dylib+0x2c19d9]  InstanceKlass::oop_follow_contents(ParCompactionManager*, oopDesc*)+0x10d
V  [libjvm.dylib+0x4bf194]  ParCompactionManager::follow_marking_stacks()+0xb4
V  [libjvm.dylib+0x4b18c2]  StealMarkingTask::do_it(GCTaskManager*, unsigned int)+0x60
V  [libjvm.dylib+0x277ccb]  GCTaskThread::run()+0x1a1
V  [libjvm.dylib+0x48d83a]  java_start(Thread*)+0xf6
C  [libsystem_pthread.dylib+0x333d]  _pthread_body+0x7e
C  [libsystem_pthread.dylib+0x62a7]  _pthread_start+0x46
C  [libsystem_pthread.dylib+0x2425]  thread_start+0xd


---------------  P R O C E S S  ---------------

Java Threads: ( => current thread )
  0x00007fcda883f800 JavaThread "Service Thread" daemon [_thread_blocked, id=16899, stack(0x00007000030ab000,0x00007000031ab000)]
  0x00007fcda8828000 JavaThread "C1 CompilerThread3" daemon [_thread_blocked, id=17155, stack(0x0000700002fa8000,0x00007000030a8000)]
  0x00007fcda7819800 JavaThread "C2 CompilerThread2" daemon [_thread_blocked, id=17667, stack(0x0000700002ea5000,0x0000700002fa5000)]
  0x00007fcda8021800 JavaThread "C2 CompilerThread1" daemon [_thread_blocked, id=15619, stack(0x0000700002da2000,0x0000700002ea2000)]
  0x00007fcda7809000 JavaThread "C2 CompilerThread0" daemon [_thread_blocked, id=18435, stack(0x0000700002c9f000,0x0000700002d9f000)]
  0x00007fcda7801000 JavaThread "Signal Dispatcher" daemon [_thread_blocked, id=18947, stack(0x0000700002b9c000,0x0000700002c9c000)]
  0x00007fcdab007800 JavaThread "Finalizer" daemon [_thread_blocked, id=13571, stack(0x0000700002a99000,0x0000700002b99000)]
  0x00007fcdaa806000 JavaThread "Reference Handler" daemon [_thread_blocked, id=19971, stack(0x0000700002996000,0x0000700002a96000)]
  0x00007fcda8009000 JavaThread "main" [_thread_blocked, id=9731, stack(0x0000700001f78000,0x0000700002078000)]

Other Threads:
  0x00007fcdaa803800 VMThread [stack: 0x0000700002893000,0x0000700002993000] [id=12803]
  0x00007fcda780d800 WatcherThread [stack: 0x00007000031ae000,0x00007000032ae000] [id=16643]

=>0x00007fcda7002000 (exited) GCTaskThread [stack: 0x0000700002487000,0x0000700002587000] [id=21251]

VM state:at safepoint (normal execution)

VM Mutex/Monitor currently owned by a thread:  ([mutex/lock_event])
[0x00007fcda6e08210] Threads_lock - owner thread: 0x00007fcdaa803800
[0x00007fcda6e08710] Heap_lock - owner thread: 0x00007fcda8009000

Heap:
 PSYoungGen      total 790528K, used 324608K [0x000000076ab00000, 0x00000007b8580000, 0x00000007c0000000)
  eden space 324608K, 100% used [0x000000076ab00000,0x000000077e800000,0x000000077e800000)
  from space 465920K, 0% used [0x000000079af00000,0x000000079af00000,0x00000007b7600000)
  to   space 465920K, 0% used [0x000000077e800000,0x000000077e800000,0x000000079af00000)
 ParOldGen       total 2796544K, used 2796117K [0x00000006c0000000, 0x000000076ab00000, 0x000000076ab00000)
  object space 2796544K, 99% used [0x00000006c0000000,0x000000076aa95710,0x000000076ab00000)
 Metaspace       used 3581K, capacity 4604K, committed 4864K, reserved 1056768K
  class space    used 410K, capacity 428K, committed 512K, reserved 1048576K

Card table byte_map: [0x000000010da00000,0x000000010e201000] byte_map_base: 0x000000010a400000

Marking Bits: (ParMarkBitMap*) 0x000000010bee96c0
 Begin Bits: [0x0000000122189000, 0x0000000126189000)
 End Bits:   [0x0000000126189000, 0x000000012a189000)

Polling page: 0x000000010c5e4000

CodeCache: size=245760Kb used=1323Kb max_used=1339Kb free=244436Kb
 bounds [0x0000000113189000, 0x00000001133f9000, 0x0000000122189000]
 total_blobs=374 nmethods=118 adapters=170
 compilation: enabled

Compilation events (10 events):
Event: 0.633 Thread 0x00007fcda7809000  115       4       House::<init> (5 bytes)
Event: 0.633 Thread 0x00007fcda7809000 nmethod 115 0x00000001132c3c10 code [0x00000001132c3d60, 0x00000001132c3db8]
Event: 0.634 Thread 0x00007fcda8021800 nmethod 114 0x00000001132c38d0 code [0x00000001132c3a20, 0x00000001132c3af8]
Event: 0.635 Thread 0x00007fcda7819800 nmethod 113 0x00000001132c3450 code [0x00000001132c35c0, 0x00000001132c3748]
Event: 0.675 Thread 0x00007fcda8828000  116 % !   3       GameOfThrones::characterReader @ 237 (421 bytes)
Event: 0.684 Thread 0x00007fcda8828000 nmethod 116% 0x00000001132c90d0 code [0x00000001132c9980, 0x00000001132cfe48]
Event: 0.684 Thread 0x00007fcda7809000  117 % !   4       GameOfThrones::characterReader @ 237 (421 bytes)
Event: 0.692 Thread 0x00007fcda7809000 nmethod 117% 0x00000001132c6850 code [0x00000001132c6a00, 0x00000001132c6f18]
Event: 0.720 Thread 0x00007fcda8021800  118   !   4       GameOfThrones::characterReader (421 bytes)
Event: 0.748 Thread 0x00007fcda8021800 nmethod 118 0x00000001132d7dd0 code [0x00000001132d8180, 0x00000001132d9580]

GC Heap History (10 events):
Event: 712.286 GC heap after
Heap after GC invocations=25 (full 11):
 PSYoungGen      total 790528K, used 324608K [0x000000076ab00000, 0x00000007b8580000, 0x00000007c0000000)
  eden space 324608K, 100% used [0x000000076ab00000,0x000000077e800000,0x000000077e800000)
  from space 465920K, 0% used [0x000000079af00000,0x000000079af00000,0x00000007b7600000)
  to   space 465920K, 0% used [0x000000077e800000,0x000000077e800000,0x000000079af00000)
 ParOldGen       total 2796544K, used 2796107K [0x00000006c0000000, 0x000000076ab00000, 0x000000076ab00000)
  object space 2796544K, 99% used [0x00000006c0000000,0x000000076aa92f10,0x000000076ab00000)
 Metaspace       used 3581K, capacity 4604K, committed 4864K, reserved 1056768K
  class space    used 410K, capacity 428K, committed 512K, reserved 1048576K
}
Event: 712.286 GC heap before
{Heap before GC invocations=26 (full 12):
 PSYoungGen      total 790528K, used 324608K [0x000000076ab00000, 0x00000007b8580000, 0x00000007c0000000)
  eden space 324608K, 100% used [0x000000076ab00000,0x000000077e800000,0x000000077e800000)
  from space 465920K, 0% used [0x000000079af00000,0x000000079af00000,0x00000007b7600000)
  to   space 465920K, 0% used [0x000000077e800000,0x000000077e800000,0x000000079af00000)
 ParOldGen       total 2796544K, used 2796109K [0x00000006c0000000, 0x000000076ab00000, 0x000000076ab00000)
  object space 2796544K, 99% used [0x00000006c0000000,0x000000076aa93710,0x000000076ab00000)
 Metaspace       used 3581K, capacity 4604K, committed 4864K, reserved 1056768K
  class space    used 410K, capacity 428K, committed 512K, reserved 1048576K
Event: 798.982 GC heap after
Heap after GC invocations=26 (full 12):
 PSYoungGen      total 790528K, used 324608K [0x000000076ab00000, 0x00000007b8580000, 0x00000007c0000000)
  eden space 324608K, 100% used [0x000000076ab00000,0x000000077e800000,0x000000077e800000)
  from space 465920K, 0% used [0x000000079af00000,0x000000079af00000,0x00000007b7600000)
  to   space 465920K, 0% used [0x000000077e800000,0x000000077e800000,0x000000079af00000)
 ParOldGen       total 2796544K, used 2796109K [0x00000006c0000000, 0x000000076ab00000, 0x000000076ab00000)
  object space 2796544K, 99% used [0x00000006c0000000,0x000000076aa93710,0x000000076ab00000)
 Metaspace       used 3581K, capacity 4604K, committed 4864K, reserved 1056768K
  class space    used 410K, capacity 428K, committed 512K, reserved 1048576K
}
Event: 798.983 GC heap before
{Heap before GC invocations=27 (full 13):
 PSYoungGen      total 790528K, used 324608K [0x000000076ab00000, 0x00000007b8580000, 0x00000007c0000000)
  eden space 324608K, 100% used [0x000000076ab00000,0x000000077e800000,0x000000077e800000)
  from space 465920K, 0% used [0x000000079af00000,0x000000079af00000,0x00000007b7600000)
  to   space 465920K, 0% used [0x000000077e800000,0x000000077e800000,0x000000079af00000)
 ParOldGen       total 2796544K, used 2796111K [0x00000006c0000000, 0x000000076ab00000, 0x000000076ab00000)
  object space 2796544K, 99% used [0x00000006c0000000,0x000000076aa93f10,0x000000076ab00000)
 Metaspace       used 3581K, capacity 4604K, committed 4864K, reserved 1056768K
  class space    used 410K, capacity 428K, committed 512K, reserved 1048576K
Event: 880.400 GC heap after
Heap after GC invocations=27 (full 13):
 PSYoungGen      total 790528K, used 324608K [0x000000076ab00000, 0x00000007b8580000, 0x00000007c0000000)
  eden space 324608K, 100% used [0x000000076ab00000,0x000000077e800000,0x000000077e800000)
  from space 465920K, 0% used [0x000000079af00000,0x000000079af00000,0x00000007b7600000)
  to   space 465920K, 0% used [0x000000077e800000,0x000000077e800000,0x000000079af00000)
 ParOldGen       total 2796544K, used 2796111K [0x00000006c0000000, 0x000000076ab00000, 0x000000076ab00000)
  object space 2796544K, 99% used [0x00000006c0000000,0x000000076aa93f10,0x000000076ab00000)
 Metaspace       used 3581K, capacity 4604K, committed 4864K, reserved 1056768K
  class space    used 410K, capacity 428K, committed 512K, reserved 1048576K
}
Event: 880.403 GC heap before
{Heap before GC invocations=28 (full 14):
 PSYoungGen      total 790528K, used 324608K [0x000000076ab00000, 0x00000007b8580000, 0x00000007c0000000)
  eden space 324608K, 100% used [0x000000076ab00000,0x000000077e800000,0x000000077e800000)
  from space 465920K, 0% used [0x000000079af00000,0x000000079af00000,0x00000007b7600000)
  to   space 465920K, 0% used [0x000000077e800000,0x000000077e800000,0x000000079af00000)
 ParOldGen       total 2796544K, used 2796113K [0x00000006c0000000, 0x000000076ab00000, 0x000000076ab00000)
  object space 2796544K, 99% used [0x00000006c0000000,0x000000076aa94710,0x000000076ab00000)
 Metaspace       used 3581K, capacity 4604K, committed 4864K, reserved 1056768K
  class space    used 410K, capacity 428K, committed 512K, reserved 1048576K
Event: 954.491 GC heap after
Heap after GC invocations=28 (full 14):
 PSYoungGen      total 790528K, used 324608K [0x000000076ab00000, 0x00000007b8580000, 0x00000007c0000000)
  eden space 324608K, 100% used [0x000000076ab00000,0x000000077e800000,0x000000077e800000)
  from space 465920K, 0% used [0x000000079af00000,0x000000079af00000,0x00000007b7600000)
  to   space 465920K, 0% used [0x000000077e800000,0x000000077e800000,0x000000079af00000)
 ParOldGen       total 2796544K, used 2796113K [0x00000006c0000000, 0x000000076ab00000, 0x000000076ab00000)
  object space 2796544K, 99% used [0x00000006c0000000,0x000000076aa94710,0x000000076ab00000)
 Metaspace       used 3581K, capacity 4604K, committed 4864K, reserved 1056768K
  class space    used 410K, capacity 428K, committed 512K, reserved 1048576K
}
Event: 954.492 GC heap before
{Heap before GC invocations=29 (full 15):
 PSYoungGen      total 790528K, used 324608K [0x000000076ab00000, 0x00000007b8580000, 0x00000007c0000000)
  eden space 324608K, 100% used [0x000000076ab00000,0x000000077e800000,0x000000077e800000)
  from space 465920K, 0% used [0x000000079af00000,0x000000079af00000,0x00000007b7600000)
  to   space 465920K, 0% used [0x000000077e800000,0x000000077e800000,0x000000079af00000)
 ParOldGen       total 2796544K, used 2796115K [0x00000006c0000000, 0x000000076ab00000, 0x000000076ab00000)
  object space 2796544K, 99% used [0x00000006c0000000,0x000000076aa94f10,0x000000076ab00000)
 Metaspace       used 3581K, capacity 4604K, committed 4864K, reserved 1056768K
  class space    used 410K, capacity 428K, committed 512K, reserved 1048576K
Event: 1029.406 GC heap after
Heap after GC invocations=29 (full 15):
 PSYoungGen      total 790528K, used 324608K [0x000000076ab00000, 0x00000007b8580000, 0x00000007c0000000)
  eden space 324608K, 100% used [0x000000076ab00000,0x000000077e800000,0x000000077e800000)
  from space 465920K, 0% used [0x000000079af00000,0x000000079af00000,0x00000007b7600000)
  to   space 465920K, 0% used [0x000000077e800000,0x000000077e800000,0x000000079af00000)
 ParOldGen       total 2796544K, used 2796115K [0x00000006c0000000, 0x000000076ab00000, 0x000000076ab00000)
  object space 2796544K, 99% used [0x00000006c0000000,0x000000076aa94f10,0x000000076ab00000)
 Metaspace       used 3581K, capacity 4604K, committed 4864K, reserved 1056768K
  class space    used 410K, capacity 428K, committed 512K, reserved 1048576K
}
Event: 1029.407 GC heap before
{Heap before GC invocations=30 (full 16):
 PSYoungGen      total 790528K, used 324608K [0x000000076ab00000, 0x00000007b8580000, 0x00000007c0000000)
  eden space 324608K, 100% used [0x000000076ab00000,0x000000077e800000,0x000000077e800000)
  from space 465920K, 0% used [0x000000079af00000,0x000000079af00000,0x00000007b7600000)
  to   space 465920K, 0% used [0x000000077e800000,0x000000077e800000,0x000000079af00000)
 ParOldGen       total 2796544K, used 2796117K [0x00000006c0000000, 0x000000076ab00000, 0x000000076ab00000)
  object space 2796544K, 99% used [0x00000006c0000000,0x000000076aa95710,0x000000076ab00000)
 Metaspace       used 3581K, capacity 4604K, committed 4864K, reserved 1056768K
  class space    used 410K, capacity 428K, committed 512K, reserved 1048576K

Deoptimization events (5 events):
Event: 0.348 Thread 0x00007fcda8009000 Uncommon trap: reason=unstable_if action=reinterpret pc=0x00000001132a7ba8 method=java.lang.String.hashCode()I @ 14
Event: 0.628 Thread 0x00007fcda8009000 Uncommon trap: reason=class_check action=maybe_recompile pc=0x00000001132a2f48 method=java.lang.String.equals(Ljava/lang/Object;)Z @ 8
Event: 0.628 Thread 0x00007fcda8009000 Uncommon trap: reason=class_check action=maybe_recompile pc=0x00000001132a2f48 method=java.lang.String.equals(Ljava/lang/Object;)Z @ 8
Event: 0.628 Thread 0x00007fcda8009000 Uncommon trap: reason=class_check action=maybe_recompile pc=0x00000001132a2f48 method=java.lang.String.equals(Ljava/lang/Object;)Z @ 8
Event: 0.628 Thread 0x00007fcda8009000 Uncommon trap: reason=class_check action=maybe_recompile pc=0x00000001132a2f48 method=java.lang.String.equals(Ljava/lang/Object;)Z @ 8

Classes redefined (0 events):
No events

Internal exceptions (6 events):
Event: 0.160 Thread 0x00007fcda8009000 Exception <a 'java/lang/NoSuchMethodError': Method sun.misc.Unsafe.defineClass(Ljava/lang/String;[BII)Ljava/lang/Class; name or signature does not match> (0x000000076ab07ca0) thrown at [/Users/java_re/workspace/8-2-build-macosx-x86_64/jdk8u161/10277/hotsp
Event: 0.160 Thread 0x00007fcda8009000 Exception <a 'java/lang/NoSuchMethodError': Method sun.misc.Unsafe.prefetchRead(Ljava/lang/Object;J)V name or signature does not match> (0x000000076ab07f88) thrown at [/Users/java_re/workspace/8-2-build-macosx-x86_64/jdk8u161/10277/hotspot/src/share/vm/pr
Event: 0.473 Thread 0x00007fcda8009000 Exception <a 'java/security/PrivilegedActionException'> (0x000000076abe4c60) thrown at [/Users/java_re/workspace/8-2-build-macosx-x86_64/jdk8u161/10277/hotspot/src/share/vm/prims/jvm.cpp, line 1390]
Event: 0.473 Thread 0x00007fcda8009000 Exception <a 'java/security/PrivilegedActionException'> (0x000000076abe5058) thrown at [/Users/java_re/workspace/8-2-build-macosx-x86_64/jdk8u161/10277/hotspot/src/share/vm/prims/jvm.cpp, line 1390]
Event: 0.474 Thread 0x00007fcda8009000 Exception <a 'java/security/PrivilegedActionException'> (0x000000076abe8570) thrown at [/Users/java_re/workspace/8-2-build-macosx-x86_64/jdk8u161/10277/hotspot/src/share/vm/prims/jvm.cpp, line 1390]
Event: 0.474 Thread 0x00007fcda8009000 Exception <a 'java/security/PrivilegedActionException'> (0x000000076abe8968) thrown at [/Users/java_re/workspace/8-2-build-macosx-x86_64/jdk8u161/10277/hotspot/src/share/vm/prims/jvm.cpp, line 1390]

Events (10 events):
Event: 712.286 Executing VM operation: ParallelGCFailedAllocation done
Event: 712.286 Executing VM operation: ParallelGCFailedAllocation
Event: 798.982 Executing VM operation: ParallelGCFailedAllocation done
Event: 798.982 Executing VM operation: ParallelGCFailedAllocation
Event: 880.403 Executing VM operation: ParallelGCFailedAllocation done
Event: 880.403 Executing VM operation: ParallelGCFailedAllocation
Event: 954.491 Executing VM operation: ParallelGCFailedAllocation done
Event: 954.492 Executing VM operation: ParallelGCFailedAllocation
Event: 1029.407 Executing VM operation: ParallelGCFailedAllocation done
Event: 1029.407 Executing VM operation: ParallelGCFailedAllocation


Dynamic libraries:
0x0000000000a38000 	/System/Library/Frameworks/Cocoa.framework/Versions/A/Cocoa
0x0000000000a38000 	/System/Library/Frameworks/Security.framework/Versions/A/Security
0x0000000000a38000 	/System/Library/Frameworks/ApplicationServices.framework/Versions/A/ApplicationServices
0x0000000000a38000 	/usr/lib/libz.1.dylib
0x0000000000a38000 	/usr/lib/libSystem.B.dylib
0x0000000000a38000 	/usr/lib/libobjc.A.dylib
0x0000000000a38000 	/System/Library/Frameworks/CoreFoundation.framework/Versions/A/CoreFoundation
0x0000000000a38000 	/System/Library/Frameworks/Foundation.framework/Versions/C/Foundation
0x0000000000a38000 	/System/Library/Frameworks/AppKit.framework/Versions/C/AppKit
0x0000000000a38000 	/System/Library/Frameworks/CoreData.framework/Versions/A/CoreData
0x0000000000a38000 	/System/Library/PrivateFrameworks/RemoteViewServices.framework/Versions/A/RemoteViewServices
0x0000000000a38000 	/System/Library/PrivateFrameworks/UIFoundation.framework/Versions/A/UIFoundation
0x0000000000a38000 	/System/Library/PrivateFrameworks/XCTTargetBootstrap.framework/Versions/A/XCTTargetBootstrap
0x0000000000a38000 	/System/Library/PrivateFrameworks/IconServices.framework/Versions/A/IconServices
0x0000000000a38000 	/System/Library/Frameworks/Metal.framework/Versions/A/Metal
0x0000000000a38000 	/System/Library/PrivateFrameworks/DesktopServicesPriv.framework/Versions/A/DesktopServicesPriv
0x0000000000a38000 	/usr/lib/libenergytrace.dylib
0x0000000000a38000 	/System/Library/PrivateFrameworks/SkyLight.framework/Versions/A/SkyLight
0x0000000000a38000 	/System/Library/Frameworks/CoreGraphics.framework/Versions/A/CoreGraphics
0x0000000000a38000 	/System/Library/Frameworks/Accelerate.framework/Versions/A/Accelerate
0x0000000000a38000 	/System/Library/Frameworks/IOSurface.framework/Versions/A/IOSurface
0x0000000000a38000 	/System/Library/PrivateFrameworks/DFRFoundation.framework/Versions/A/DFRFoundation
0x0000000000a38000 	/System/Library/Frameworks/AudioToolbox.framework/Versions/A/AudioToolbox
0x0000000000a38000 	/System/Library/Frameworks/AudioUnit.framework/Versions/A/AudioUnit
0x0000000000a38000 	/System/Library/PrivateFrameworks/DataDetectorsCore.framework/Versions/A/DataDetectorsCore
0x0000000000a38000 	/System/Library/Frameworks/Carbon.framework/Versions/A/Frameworks/HIToolbox.framework/Versions/A/HIToolbox
0x0000000000a38000 	/usr/lib/libicucore.A.dylib
0x0000000000a38000 	/System/Library/Frameworks/QuartzCore.framework/Versions/A/QuartzCore
0x0000000000a38000 	/System/Library/Frameworks/Carbon.framework/Versions/A/Frameworks/SpeechRecognition.framework/Versions/A/SpeechRecognition
0x0000000000a38000 	/usr/lib/libauto.dylib
0x0000000000a38000 	/usr/lib/libxml2.2.dylib
0x0000000000a38000 	/System/Library/PrivateFrameworks/CoreUI.framework/Versions/A/CoreUI
0x0000000000a38000 	/System/Library/Frameworks/CoreAudio.framework/Versions/A/CoreAudio
0x0000000000a38000 	/System/Library/Frameworks/DiskArbitration.framework/Versions/A/DiskArbitration
0x0000000000a38000 	/usr/lib/liblangid.dylib
0x0000000000a38000 	/System/Library/PrivateFrameworks/MultitouchSupport.framework/Versions/A/MultitouchSupport
0x0000000000a38000 	/System/Library/Frameworks/IOKit.framework/Versions/A/IOKit
0x0000000000a38000 	/usr/lib/libDiagnosticMessagesClient.dylib
0x0000000000a38000 	/System/Library/Frameworks/CoreServices.framework/Versions/A/CoreServices
0x0000000000a38000 	/System/Library/PrivateFrameworks/PerformanceAnalysis.framework/Versions/A/PerformanceAnalysis
0x0000000000a38000 	/System/Library/Frameworks/OpenGL.framework/Versions/A/OpenGL
0x0000000000a38000 	/System/Library/Frameworks/ColorSync.framework/Versions/A/ColorSync
0x0000000000a38000 	/System/Library/Frameworks/CoreImage.framework/Versions/A/CoreImage
0x0000000000a38000 	/System/Library/Frameworks/CoreText.framework/Versions/A/CoreText
0x0000000000a38000 	/System/Library/Frameworks/ImageIO.framework/Versions/A/ImageIO
0x0000000000a38000 	/System/Library/PrivateFrameworks/Backup.framework/Versions/A/Backup
0x0000000000a38000 	/usr/lib/libarchive.2.dylib
0x0000000000a38000 	/System/Library/Frameworks/CFNetwork.framework/Versions/A/CFNetwork
0x0000000000a38000 	/System/Library/Frameworks/SystemConfiguration.framework/Versions/A/SystemConfiguration
0x0000000000a38000 	/usr/lib/libCRFSuite.dylib
0x0000000000a38000 	/usr/lib/libc++.1.dylib
0x0000000000a38000 	/usr/lib/libc++abi.dylib
0x0000000000a38000 	/usr/lib/system/libcache.dylib
0x0000000000a38000 	/usr/lib/system/libcommonCrypto.dylib
0x0000000000a38000 	/usr/lib/system/libcompiler_rt.dylib
0x0000000000a38000 	/usr/lib/system/libcopyfile.dylib
0x0000000000a38000 	/usr/lib/system/libcorecrypto.dylib
0x0000000000a38000 	/usr/lib/system/libdispatch.dylib
0x0000000000a38000 	/usr/lib/system/libdyld.dylib
0x0000000000a38000 	/usr/lib/system/libkeymgr.dylib
0x0000000000a38000 	/usr/lib/system/liblaunch.dylib
0x0000000000a38000 	/usr/lib/system/libmacho.dylib
0x0000000000a38000 	/usr/lib/system/libquarantine.dylib
0x0000000000a38000 	/usr/lib/system/libremovefile.dylib
0x0000000000a38000 	/usr/lib/system/libsystem_asl.dylib
0x0000000000a38000 	/usr/lib/system/libsystem_blocks.dylib
0x0000000000a38000 	/usr/lib/system/libsystem_c.dylib
0x0000000000a38000 	/usr/lib/system/libsystem_configuration.dylib
0x0000000000a38000 	/usr/lib/system/libsystem_coreservices.dylib
0x0000000000a38000 	/usr/lib/system/libsystem_darwin.dylib
0x0000000000a38000 	/usr/lib/system/libsystem_dnssd.dylib
0x0000000000a38000 	/usr/lib/system/libsystem_info.dylib
0x0000000000a38000 	/usr/lib/system/libsystem_m.dylib
0x0000000000a38000 	/usr/lib/system/libsystem_malloc.dylib
0x0000000000a38000 	/usr/lib/system/libsystem_networkextension.dylib
0x0000000000a38000 	/usr/lib/system/libsystem_notify.dylib
0x0000000000a38000 	/usr/lib/system/libsystem_sandbox.dylib
0x0000000000a38000 	/usr/lib/system/libsystem_secinit.dylib
0x0000000000a38000 	/usr/lib/system/libsystem_kernel.dylib
0x0000000000a38000 	/usr/lib/system/libsystem_platform.dylib
0x0000000000a38000 	/usr/lib/system/libsystem_pthread.dylib
0x0000000000a38000 	/usr/lib/system/libsystem_symptoms.dylib
0x0000000000a38000 	/usr/lib/system/libsystem_trace.dylib
0x0000000000a38000 	/usr/lib/system/libunwind.dylib
0x0000000000a38000 	/usr/lib/system/libxpc.dylib
0x0000000000a38000 	/usr/lib/libbsm.0.dylib
0x0000000000a38000 	/usr/lib/system/libkxld.dylib
0x0000000000a38000 	/System/Library/PrivateFrameworks/AppleFSCompression.framework/Versions/A/AppleFSCompression
0x0000000000a38000 	/usr/lib/libOpenScriptingUtil.dylib
0x0000000000a38000 	/usr/lib/libcoretls.dylib
0x0000000000a38000 	/usr/lib/libcoretls_cfhelpers.dylib
0x0000000000a38000 	/usr/lib/libpam.2.dylib
0x0000000000a38000 	/usr/lib/libsqlite3.dylib
0x0000000000a38000 	/usr/lib/libxar.1.dylib
0x0000000000a38000 	/usr/lib/libbz2.1.0.dylib
0x0000000000a38000 	/usr/lib/liblzma.5.dylib
0x0000000000a38000 	/usr/lib/libnetwork.dylib
0x0000000000a38000 	/usr/lib/libapple_nghttp2.dylib
0x0000000000a38000 	/usr/lib/libpcap.A.dylib
0x0000000000a38000 	/System/Library/Frameworks/CoreServices.framework/Versions/A/Frameworks/FSEvents.framework/Versions/A/FSEvents
0x0000000000a38000 	/System/Library/Frameworks/CoreServices.framework/Versions/A/Frameworks/CarbonCore.framework/Versions/A/CarbonCore
0x0000000000a38000 	/System/Library/Frameworks/CoreServices.framework/Versions/A/Frameworks/Metadata.framework/Versions/A/Metadata
0x0000000000a38000 	/System/Library/Frameworks/CoreServices.framework/Versions/A/Frameworks/OSServices.framework/Versions/A/OSServices
0x0000000000a38000 	/System/Library/Frameworks/CoreServices.framework/Versions/A/Frameworks/SearchKit.framework/Versions/A/SearchKit
0x0000000000a38000 	/System/Library/Frameworks/CoreServices.framework/Versions/A/Frameworks/AE.framework/Versions/A/AE
0x0000000000a38000 	/System/Library/Frameworks/CoreServices.framework/Versions/A/Frameworks/LaunchServices.framework/Versions/A/LaunchServices
0x0000000000a38000 	/System/Library/Frameworks/CoreServices.framework/Versions/A/Frameworks/DictionaryServices.framework/Versions/A/DictionaryServices
0x0000000000a38000 	/System/Library/Frameworks/CoreServices.framework/Versions/A/Frameworks/SharedFileList.framework/Versions/A/SharedFileList
0x0000000000a38000 	/System/Library/Frameworks/NetFS.framework/Versions/A/NetFS
0x0000000000a38000 	/System/Library/PrivateFrameworks/NetAuth.framework/Versions/A/NetAuth
0x0000000000a38000 	/System/Library/PrivateFrameworks/login.framework/Versions/A/Frameworks/loginsupport.framework/Versions/A/loginsupport
0x0000000000a38000 	/System/Library/PrivateFrameworks/TCC.framework/Versions/A/TCC
0x0000000000a38000 	/System/Library/PrivateFrameworks/CoreNLP.framework/Versions/A/CoreNLP
0x0000000000a38000 	/System/Library/PrivateFrameworks/MetadataUtilities.framework/Versions/A/MetadataUtilities
0x0000000000a38000 	/usr/lib/libmecabra.dylib
0x0000000000a38000 	/System/Library/Frameworks/ApplicationServices.framework/Versions/A/Frameworks/ATS.framework/Versions/A/ATS
0x0000000000a38000 	/System/Library/Frameworks/ApplicationServices.framework/Versions/A/Frameworks/ColorSyncLegacy.framework/Versions/A/ColorSyncLegacy
0x0000000000a38000 	/System/Library/Frameworks/ApplicationServices.framework/Versions/A/Frameworks/HIServices.framework/Versions/A/HIServices
0x0000000000a38000 	/System/Library/Frameworks/ApplicationServices.framework/Versions/A/Frameworks/LangAnalysis.framework/Versions/A/LangAnalysis
0x0000000000a38000 	/System/Library/Frameworks/ApplicationServices.framework/Versions/A/Frameworks/PrintCore.framework/Versions/A/PrintCore
0x0000000000a38000 	/System/Library/Frameworks/ApplicationServices.framework/Versions/A/Frameworks/QD.framework/Versions/A/QD
0x0000000000a38000 	/System/Library/Frameworks/ApplicationServices.framework/Versions/A/Frameworks/SpeechSynthesis.framework/Versions/A/SpeechSynthesis
0x0000000000a38000 	/usr/lib/libcompression.dylib
0x0000000000a38000 	/System/Library/Frameworks/CoreDisplay.framework/Versions/A/CoreDisplay
0x0000000000a38000 	/System/Library/Frameworks/MetalPerformanceShaders.framework/Versions/A/MetalPerformanceShaders
0x0000000000a38000 	/System/Library/Frameworks/Accelerate.framework/Versions/A/Frameworks/vImage.framework/Versions/A/vImage
0x0000000000a38000 	/System/Library/Frameworks/Accelerate.framework/Versions/A/Frameworks/vecLib.framework/Versions/A/vecLib
0x0000000000a38000 	/System/Library/Frameworks/Accelerate.framework/Versions/A/Frameworks/vecLib.framework/Versions/A/libvMisc.dylib
0x0000000000a38000 	/System/Library/Frameworks/Accelerate.framework/Versions/A/Frameworks/vecLib.framework/Versions/A/libvDSP.dylib
0x0000000000a38000 	/System/Library/Frameworks/Accelerate.framework/Versions/A/Frameworks/vecLib.framework/Versions/A/libBLAS.dylib
0x0000000000a38000 	/System/Library/Frameworks/Accelerate.framework/Versions/A/Frameworks/vecLib.framework/Versions/A/libLAPACK.dylib
0x0000000000a38000 	/System/Library/Frameworks/Accelerate.framework/Versions/A/Frameworks/vecLib.framework/Versions/A/libLinearAlgebra.dylib
0x0000000000a38000 	/System/Library/Frameworks/Accelerate.framework/Versions/A/Frameworks/vecLib.framework/Versions/A/libSparseBLAS.dylib
0x0000000000a38000 	/System/Library/Frameworks/Accelerate.framework/Versions/A/Frameworks/vecLib.framework/Versions/A/libQuadrature.dylib
0x0000000000a38000 	/System/Library/Frameworks/Accelerate.framework/Versions/A/Frameworks/vecLib.framework/Versions/A/libBNNS.dylib
0x0000000000a38000 	/System/Library/Frameworks/Accelerate.framework/Versions/A/Frameworks/vecLib.framework/Versions/A/libSparse.dylib
0x0000000000a38000 	/System/Library/PrivateFrameworks/GPUWrangler.framework/Versions/A/GPUWrangler
0x0000000000a38000 	/System/Library/PrivateFrameworks/IOAccelerator.framework/Versions/A/IOAccelerator
0x0000000000a38000 	/System/Library/PrivateFrameworks/IOPresentment.framework/Versions/A/IOPresentment
0x0000000000a38000 	/System/Library/PrivateFrameworks/DSExternalDisplay.framework/Versions/A/DSExternalDisplay
0x0000000000a38000 	/System/Library/Frameworks/OpenGL.framework/Versions/A/Libraries/libCoreFSCache.dylib
0x0000000000a38000 	/System/Library/Frameworks/MetalPerformanceShaders.framework/Frameworks/MPSCore.framework/Versions/A/MPSCore
0x0000000000a38000 	/System/Library/Frameworks/MetalPerformanceShaders.framework/Frameworks/MPSImage.framework/Versions/A/MPSImage
0x0000000000a38000 	/System/Library/Frameworks/MetalPerformanceShaders.framework/Frameworks/MPSNeuralNetwork.framework/Versions/A/MPSNeuralNetwork
0x0000000000a38000 	/System/Library/Frameworks/MetalPerformanceShaders.framework/Frameworks/MPSMatrix.framework/Versions/A/MPSMatrix
0x0000000000a38000 	/System/Library/Frameworks/MetalPerformanceShaders.framework/Frameworks/MPSRayIntersector.framework/Versions/A/MPSRayIntersector
0x0000000000a38000 	/System/Library/PrivateFrameworks/MetalTools.framework/Versions/A/MetalTools
0x0000000000a38000 	/System/Library/PrivateFrameworks/AggregateDictionary.framework/Versions/A/AggregateDictionary
0x0000000000a38000 	/usr/lib/libMobileGestalt.dylib
0x0000000000a38000 	/System/Library/Frameworks/CoreVideo.framework/Versions/A/CoreVideo
0x0000000000a38000 	/System/Library/PrivateFrameworks/GraphVisualizer.framework/Versions/A/GraphVisualizer
0x0000000000a38000 	/System/Library/PrivateFrameworks/FaceCore.framework/Versions/A/FaceCore
0x0000000000a38000 	/System/Library/Frameworks/OpenCL.framework/Versions/A/OpenCL
0x0000000000a38000 	/usr/lib/libFosl_dynamic.dylib
0x0000000000a38000 	/System/Library/PrivateFrameworks/OTSVG.framework/Versions/A/OTSVG
0x0000000000a38000 	/System/Library/Frameworks/ApplicationServices.framework/Versions/A/Frameworks/ATS.framework/Versions/A/Resources/libFontParser.dylib
0x0000000000a38000 	/System/Library/Frameworks/ApplicationServices.framework/Versions/A/Frameworks/ATS.framework/Versions/A/Resources/libFontRegistry.dylib
0x0000000000a38000 	/System/Library/Frameworks/ImageIO.framework/Versions/A/Resources/libJPEG.dylib
0x0000000000a38000 	/System/Library/Frameworks/ImageIO.framework/Versions/A/Resources/libTIFF.dylib
0x0000000000a38000 	/System/Library/Frameworks/ImageIO.framework/Versions/A/Resources/libPng.dylib
0x0000000000a38000 	/System/Library/Frameworks/ImageIO.framework/Versions/A/Resources/libGIF.dylib
0x0000000000a38000 	/System/Library/Frameworks/ImageIO.framework/Versions/A/Resources/libJP2.dylib
0x0000000000a38000 	/System/Library/Frameworks/ImageIO.framework/Versions/A/Resources/libRadiance.dylib
0x0000000000a38000 	/System/Library/PrivateFrameworks/AppleJPEG.framework/Versions/A/AppleJPEG
0x0000000000a38000 	/System/Library/Frameworks/OpenGL.framework/Versions/A/Libraries/libGFXShared.dylib
0x0000000000a38000 	/System/Library/Frameworks/OpenGL.framework/Versions/A/Libraries/libGLU.dylib
0x0000000000a38000 	/System/Library/Frameworks/OpenGL.framework/Versions/A/Libraries/libGL.dylib
0x0000000000a38000 	/System/Library/Frameworks/OpenGL.framework/Versions/A/Libraries/libGLImage.dylib
0x0000000000a38000 	/System/Library/Frameworks/OpenGL.framework/Versions/A/Libraries/libCVMSPluginSupport.dylib
0x0000000000a38000 	/System/Library/Frameworks/OpenGL.framework/Versions/A/Libraries/libCoreVMClient.dylib
0x0000000000a38000 	/usr/lib/libcups.2.dylib
0x0000000000a38000 	/System/Library/Frameworks/Kerberos.framework/Versions/A/Kerberos
0x0000000000a38000 	/System/Library/Frameworks/GSS.framework/Versions/A/GSS
0x0000000000a38000 	/usr/lib/libresolv.9.dylib
0x0000000000a38000 	/usr/lib/libiconv.2.dylib
0x0000000000a38000 	/System/Library/PrivateFrameworks/Heimdal.framework/Versions/A/Heimdal
0x0000000000a38000 	/usr/lib/libheimdal-asn1.dylib
0x0000000000a38000 	/System/Library/Frameworks/OpenDirectory.framework/Versions/A/OpenDirectory
0x0000000000a38000 	/System/Library/PrivateFrameworks/CommonAuth.framework/Versions/A/CommonAuth
0x0000000000a38000 	/System/Library/Frameworks/OpenDirectory.framework/Versions/A/Frameworks/CFOpenDirectory.framework/Versions/A/CFOpenDirectory
0x0000000000a38000 	/System/Library/Frameworks/SecurityFoundation.framework/Versions/A/SecurityFoundation
0x0000000000a38000 	/System/Library/PrivateFrameworks/APFS.framework/Versions/A/APFS
0x0000000000a38000 	/usr/lib/libutil.dylib
0x0000000000a38000 	/usr/lib/libcharset.1.dylib
0x0000000000a38000 	/System/Library/PrivateFrameworks/AppleSauce.framework/Versions/A/AppleSauce
0x0000000000a38000 	/System/Library/PrivateFrameworks/AssertionServices.framework/Versions/A/AssertionServices
0x0000000000a38000 	/System/Library/PrivateFrameworks/BaseBoard.framework/Versions/A/BaseBoard
0x0000000000a38000 	/usr/lib/libmecab.1.0.0.dylib
0x0000000000a38000 	/usr/lib/libgermantok.dylib
0x0000000000a38000 	/usr/lib/libThaiTokenizer.dylib
0x0000000000a38000 	/usr/lib/libChineseTokenizer.dylib
0x0000000000a38000 	/System/Library/PrivateFrameworks/LanguageModeling.framework/Versions/A/LanguageModeling
0x0000000000a38000 	/System/Library/PrivateFrameworks/CoreEmoji.framework/Versions/A/CoreEmoji
0x0000000000a38000 	/System/Library/PrivateFrameworks/Lexicon.framework/Versions/A/Lexicon
0x0000000000a38000 	/System/Library/PrivateFrameworks/LinguisticData.framework/Versions/A/LinguisticData
0x0000000000a38000 	/usr/lib/libcmph.dylib
0x0000000000a38000 	/System/Library/Frameworks/ServiceManagement.framework/Versions/A/ServiceManagement
0x0000000000a38000 	/System/Library/PrivateFrameworks/BackgroundTaskManagement.framework/Versions/A/BackgroundTaskManagement
0x0000000000a38000 	/usr/lib/libxslt.1.dylib
0x0000000000a38000 	/System/Library/Frameworks/Carbon.framework/Versions/A/Frameworks/Ink.framework/Versions/A/Ink
0x0000000000a38000 	/System/Library/PrivateFrameworks/TextureIO.framework/Versions/A/TextureIO
0x0000000000a38000 	/usr/lib/libate.dylib
0x0000000000a38000 	/System/Library/PrivateFrameworks/CrashReporterSupport.framework/Versions/A/CrashReporterSupport
0x0000000000a38000 	/System/Library/PrivateFrameworks/Sharing.framework/Versions/A/Sharing
0x0000000000a38000 	/System/Library/PrivateFrameworks/AuthKit.framework/Versions/A/AuthKit
0x0000000000a38000 	/System/Library/PrivateFrameworks/Apple80211.framework/Versions/A/Apple80211
0x0000000000a38000 	/System/Library/PrivateFrameworks/CoreUtils.framework/Versions/A/CoreUtils
0x0000000000a38000 	/System/Library/Frameworks/CoreWLAN.framework/Versions/A/CoreWLAN
0x0000000000a38000 	/System/Library/Frameworks/IOBluetooth.framework/Versions/A/IOBluetooth
0x0000000000a38000 	/System/Library/PrivateFrameworks/ProtocolBuffer.framework/Versions/A/ProtocolBuffer
0x0000000000a38000 	/System/Library/PrivateFrameworks/MobileKeyBag.framework/Versions/A/MobileKeyBag
0x0000000000a38000 	/System/Library/PrivateFrameworks/CorePhoneNumbers.framework/Versions/A/CorePhoneNumbers
0x0000000000a38000 	/System/Library/PrivateFrameworks/AppleIDAuthSupport.framework/Versions/A/AppleIDAuthSupport
0x0000000000a38000 	/System/Library/PrivateFrameworks/KeychainCircle.framework/Versions/A/KeychainCircle
0x0000000000a38000 	/System/Library/PrivateFrameworks/ROCKit.framework/Versions/A/ROCKit
0x0000000000a38000 	/System/Library/PrivateFrameworks/CoreWiFi.framework/Versions/A/CoreWiFi
0x0000000000a38000 	/System/Library/Frameworks/CoreBluetooth.framework/Versions/A/CoreBluetooth
0x0000000000a38000 	/System/Library/PrivateFrameworks/DebugSymbols.framework/Versions/A/DebugSymbols
0x0000000000a38000 	/System/Library/PrivateFrameworks/CoreSymbolication.framework/Versions/A/CoreSymbolication
0x0000000000a38000 	/System/Library/PrivateFrameworks/Symbolication.framework/Versions/A/Symbolication
0x0000000000a38000 	/System/Library/PrivateFrameworks/SpeechRecognitionCore.framework/Versions/A/SpeechRecognitionCore
0x000000010b5f2000 	/Library/Java/JavaVirtualMachines/jdk1.8.0_161.jdk/Contents/Home/jre/lib/server/libjvm.dylib
0x0000000000a38000 	/usr/lib/libstdc++.6.dylib
0x000000010c5a0000 	/Library/Java/JavaVirtualMachines/jdk1.8.0_161.jdk/Contents/Home/jre/lib/libverify.dylib
0x000000010c5ae000 	/Library/Java/JavaVirtualMachines/jdk1.8.0_161.jdk/Contents/Home/jre/lib/libjava.dylib
0x000000010c5ee000 	/Library/Java/JavaVirtualMachines/jdk1.8.0_161.jdk/Contents/Home/jre/lib/libzip.dylib
0x00000001117b9000 	/Library/Java/JavaVirtualMachines/jdk1.8.0_161.jdk/Contents/Home/jre/lib/libnet.dylib
0x0000000111818000 	/Library/Java/JavaVirtualMachines/jdk1.8.0_161.jdk/Contents/Home/jre/lib/libnio.dylib

VM Arguments:
jvm_args: -Dfile.encoding=UTF-8 
java_command: GameOfThrones
java_class_path (initial): /Library/Java/JavaVirtualMachines/jdk1.8.0_161.jdk/Contents/Home/jre/lib/resources.jar:/Library/Java/JavaVirtualMachines/jdk1.8.0_161.jdk/Contents/Home/jre/lib/rt.jar:/Library/Java/JavaVirtualMachines/jdk1.8.0_161.jdk/Contents/Home/jre/lib/jsse.jar:/Library/Java/JavaVirtualMachines/jdk1.8.0_161.jdk/Contents/Home/jre/lib/jce.jar:/Library/Java/JavaVirtualMachines/jdk1.8.0_161.jdk/Contents/Home/jre/lib/charsets.jar:/Library/Java/JavaVirtualMachines/jdk1.8.0_161.jdk/Contents/Home/jre/lib/jfr.jar:/Library/Java/JavaVirtualMachines/jdk1.8.0_161.jdk/Contents/Home/jre/lib/ext/sunec.jar:/Library/Java/JavaVirtualMachines/jdk1.8.0_161.jdk/Contents/Home/jre/lib/ext/nashorn.jar:/Library/Java/JavaVirtualMachines/jdk1.8.0_161.jdk/Contents/Home/jre/lib/ext/cldrdata.jar:/Library/Java/JavaVirtualMachines/jdk1.8.0_161.jdk/Contents/Home/jre/lib/ext/jfxrt.jar:/Library/Java/JavaVirtualMachines/jdk1.8.0_161.jdk/Contents/Home/jre/lib/ext/dnsns.jar:/Library/Java/JavaVirtualMachines/jdk1.8.0_161.jdk/Contents/Home/jre/lib/ext/localedata.jar:/Library/Java/JavaVirtualMachines/jdk1.8.0_161.jdk/Contents/Home/jre/lib/ext/sunjce_provider.jar:/Library/Java/JavaVirtualMachines/jdk1.8.0_161.jdk/Contents/Home/jre/lib/ext/sunpkcs11.jar:/Library/Java/JavaVirtualMachines/jdk1.8.0_161.jdk/Contents/Home/jre/lib/ext/jaccess.jar:/Library/Java/JavaVirtualMachines/jdk1.8.0_161.jdk/Contents/Home/jre/lib/ext/zipfs.jar:/System/Library/Java/Extensions/MRJToolkit.jar:/Users/roberttaddeo/eclipse-workspace/DataStructures3/bin
Launcher Type: SUN_STANDARD

Environment Variables:
PATH=/usr/bin:/bin:/usr/sbin:/sbin
SHELL=/bin/bash
DISPLAY=/private/tmp/com.apple.launchd.tonwwwPw1f/org.macosforge.xquartz:0

Signal Handlers:
SIGSEGV: [libjvm.dylib+0x5b5439], sa_mask[0]=11111111011111110111111111111111, sa_flags=SA_ONSTACK|SA_RESTART|SA_SIGINFO
SIGBUS: [libjvm.dylib+0x5b5439], sa_mask[0]=11111111011111110111111111111111, sa_flags=SA_RESTART|SA_SIGINFO
SIGFPE: [libjvm.dylib+0x48ae24], sa_mask[0]=11111111011111110111111111111111, sa_flags=SA_RESTART|SA_SIGINFO
SIGPIPE: [libjvm.dylib+0x48ae24], sa_mask[0]=11111111011111110111111111111111, sa_flags=SA_RESTART|SA_SIGINFO
SIGXFSZ: [libjvm.dylib+0x48ae24], sa_mask[0]=11111111011111110111111111111111, sa_flags=SA_RESTART|SA_SIGINFO
SIGILL: [libjvm.dylib+0x48ae24], sa_mask[0]=11111111011111110111111111111111, sa_flags=SA_RESTART|SA_SIGINFO
SIGUSR1: SIG_DFL, sa_mask[0]=00000000000000000000000000000000, sa_flags=none
SIGUSR2: [libjvm.dylib+0x48a942], sa_mask[0]=00100000000000000000000000000000, sa_flags=SA_RESTART|SA_SIGINFO
SIGHUP: [libjvm.dylib+0x488f0d], sa_mask[0]=11111111011111110111111111111111, sa_flags=SA_RESTART|SA_SIGINFO
SIGINT: [libjvm.dylib+0x488f0d], sa_mask[0]=11111111011111110111111111111111, sa_flags=SA_RESTART|SA_SIGINFO
SIGTERM: [libjvm.dylib+0x488f0d], sa_mask[0]=11111111011111110111111111111111, sa_flags=SA_RESTART|SA_SIGINFO
SIGQUIT: [libjvm.dylib+0x488f0d], sa_mask[0]=11111111011111110111111111111111, sa_flags=SA_RESTART|SA_SIGINFO


---------------  S Y S T E M  ---------------

OS:Bsduname:Darwin 18.0.0 Darwin Kernel Version 18.0.0: Wed Aug 22 20:13:40 PDT 2018; root:xnu-4903.201.2~1/RELEASE_X86_64 x86_64
rlimit: STACK 8192k, CORE 0k, NPROC 1418, NOFILE 10240, AS infinity
load average:212.60 229.55 166.73

CPU:total 8 (initial active 8) (4 cores per cpu, 2 threads per core) family 6 model 158 stepping 9, cmov, cx8, fxsr, mmx, sse, sse2, sse3, ssse3, sse4.1, sse4.2, popcnt, avx, avx2, aes, clmul, erms, 3dnowpref, lzcnt, ht, tsc, tscinvbit, bmi1, bmi2, adx

Memory: 4k page, physical 16777216k(15008k free)

/proc/meminfo:


vm_info: Java HotSpot(TM) 64-Bit Server VM (25.161-b12) for bsd-amd64 JRE (1.8.0_161-b12), built on Dec 19 2017 16:22:20 by "java_re" with gcc 4.2.1 (Based on Apple Inc. build 5658) (LLVM build 2336.11.00)

time: Mon Nov  5 14:33:39 2018
elapsed time: 1057 seconds (0d 0h 17m 37s)

