#
# A fatal error has been detected by the Java Runtime Environment:
#
#  SIGSEGV (0xb) at pc=0x00000001060c8fcb, pid=23485, tid=0x0000000000002d03
#
# JRE version: Java(TM) SE Runtime Environment (8.0_161-b12) (build 1.8.0_161-b12)
# Java VM: Java HotSpot(TM) 64-Bit Server VM (25.161-b12 mixed mode bsd-amd64 compressed oops)
# Problematic frame:
# V  [libjvm.dylib+0x4c8fcb]
#
# Failed to write core dump. Core dumps have been disabled. To enable core dumping, try "ulimit -c unlimited" before starting Java again
#
# If you would like to submit a bug report, please visit:
#   http://bugreport.java.com/bugreport/crash.jsp
#

---------------  T H R E A D  ---------------

Current thread (0x00007fa484000000):  GCTaskThread [stack: 0x0000700002353000,0x0000700002453000] [id=11523]

siginfo: si_signo: 11 (SIGSEGV), si_code: 0 (unknown), si_addr: 0x0000000000000000

Registers:
RAX=0x00009ffffffbc800, RBX=0x00000007c006aea8, RCX=0x0000000104b74000, RDX=0x0000000000000001
RSP=0x0000700002452c20, RBP=0x0000700002452c40, RSI=0x0000000000040000, RDI=0x00000001064f7740
R8 =0x0000000000010000, R9 =0x0000000015550000, R10=0x0000000000000000, R11=0x0000000116f74000
R12=0x00000006c6a66db8, R13=0x00000006c6a66dc8, R14=0x0000000106443ac0, R15=0x00000001064f7740
RIP=0x00000001060c8fcb, EFLAGS=0x0000000000010a07, ERR=0x0000000000000000
  TRAPNO=0x000000000000000d

Top of Stack: (sp=0x0000700002452c20)
0x0000700002452c20:   00000007c006aea8 00000006c6a66db8
0x0000700002452c30:   0000000106443ac0 00000001064f7740
0x0000700002452c40:   0000700002452c90 0000000105ebc768
0x0000700002452c50:   00000004005e3000 00000006c6a66da8
0x0000700002452c60:   00000007c006aeb0 0000000000555400
0x0000700002452c70:   0000700002452d70 0000000000d4cdb8
0x0000700002452c80:   0000000000055000 00000001064f76c0
0x0000700002452c90:   0000700002452ca0 00000001060c57d5
0x0000700002452ca0:   0000700002452d10 000000010609aaa9
0x0000700002452cb0:   000000000000178b 0000700002452d40
0x0000700002452cc0:   000000001554ffff 0000700002452d70
0x0000700002452cd0:   0000000001540000 0000000001540000
0x0000700002452ce0:   0000000015550000 0000000001540000
0x0000700002452cf0:   0000000000000000 0000000106216e13
0x0000700002452d00:   0000000000000154 00000000000000aa
0x0000700002452d10:   0000700002452dd0 00000001060c64cf
0x0000700002452d20:   0000700002452d60 0000000000000000
0x0000700002452d30:   00007fa481003fe0 0000000000000000
0x0000700002452d40:   000000010643b340 00000001064f76c0
0x0000700002452d50:   00007fa481003fe0 ffffffffffffffff
0x0000700002452d60:   0000000000000000 00007fa47ff00a70
0x0000700002452d70:   00000001064dc100 00000001064f76c0
0x0000700002452d80:   00007fa481003fe0 ffffffffffffffff
0x0000700002452d90:   0000000000000000 0000000000000000
0x0000700002452da0:   00007fa47ff00a70 00007fa484000000
0x0000700002452db0:   0000000000000000 0000000106216e13
0x0000700002452dc0:   00007fa481838410 0000000000000001
0x0000700002452dd0:   0000700002452eb0 0000000105e77ccb
0x0000700002452de0:   0000700002452e10 00007fa481100b80
0x0000700002452df0:   00007fa481100bb0 00007fa481100bc0
0x0000700002452e00:   00007fa481100f98 00000000000003d8
0x0000700002452e10:   00007fa484000000 00007fa481100fa0 

Instructions: (pc=0x00000001060c8fcb)
0x00000001060c8fab:   5d c3 90 55 48 89 e5 41 57 41 56 41 54 53 48 89
0x00000001060c8fbb:   f0 48 2b 07 48 c1 e8 13 48 8d 04 80 48 8b 4f 18
0x00000001060c8fcb:   48 8b 1c c1 8b 54 c1 18 41 b8 ff ff ff 07 44 23
0x00000001060c8fdb:   44 c1 1c 49 01 d0 49 81 f8 00 00 01 00 49 89 f6 

Register to memory mapping:

RAX=0x00009ffffffbc800 is an unknown value
RBX=0x00000007c006aea8 is pointing into metadata
RCX=0x0000000104b74000 is an unknown value
RDX=0x0000000000000001 is an unknown value
RSP=0x0000700002452c20 is an unknown value
RBP=0x0000700002452c40 is an unknown value
RSI=0x0000000000040000 is an unknown value
RDI=0x00000001064f7740: _ZN17PSParallelCompact13_summary_dataE+0 in /Library/Java/JavaVirtualMachines/jdk1.8.0_161.jdk/Contents/Home/jre/lib/server/libjvm.dylib at 0x0000000105c00000
R8 =0x0000000000010000 is an unknown value
R9 =0x0000000015550000 is an unknown value
R10=0x0000000000000000 is an unknown value
R11=0x0000000116f74000 is an unknown value
R12=0x00000006c6a66db8 is pointing into object: 0x00000006c6a66da8
House 
 - klass: 'House'
R13=0x00000006c6a66dc8 is an oop
House 
 - klass: 'House'
R14=0x0000000106443ac0: _ZN8Universe11_narrow_oopE+0 in /Library/Java/JavaVirtualMachines/jdk1.8.0_161.jdk/Contents/Home/jre/lib/server/libjvm.dylib at 0x0000000105c00000
R15=0x00000001064f7740: _ZN17PSParallelCompact13_summary_dataE+0 in /Library/Java/JavaVirtualMachines/jdk1.8.0_161.jdk/Contents/Home/jre/lib/server/libjvm.dylib at 0x0000000105c00000


Stack: [0x0000700002353000,0x0000700002453000],  sp=0x0000700002452c20,  free space=1023k
Native frames: (J=compiled Java code, j=interpreted, Vv=VM code, C=native code)
V  [libjvm.dylib+0x4c8fcb]
V  [libjvm.dylib+0x2bc768]
V  [libjvm.dylib+0x4c57d5]
V  [libjvm.dylib+0x49aaa9]
V  [libjvm.dylib+0x4c64cf]
V  [libjvm.dylib+0x277ccb]
V  [libjvm.dylib+0x48d83a]
C  [libsystem_pthread.dylib+0x333d]  _pthread_body+0x7e
C  [libsystem_pthread.dylib+0x62a7]  _pthread_start+0x46
C  [libsystem_pthread.dylib+0x2425]  thread_start+0xd


---------------  P R O C E S S  ---------------

Java Threads: ( => current thread )
  0x00007fa483007000 JavaThread "Service Thread" daemon [_thread_blocked, id=13827, stack(0x0000700002e74000,0x0000700002f74000)]
  0x00007fa48081e000 JavaThread "C1 CompilerThread3" daemon [_thread_blocked, id=15107, stack(0x0000700002d71000,0x0000700002e71000)]
  0x00007fa480004000 JavaThread "C2 CompilerThread2" daemon [_thread_blocked, id=15619, stack(0x0000700002c6e000,0x0000700002d6e000)]
  0x00007fa48081d800 JavaThread "C2 CompilerThread1" daemon [_thread_blocked, id=13571, stack(0x0000700002b6b000,0x0000700002c6b000)]
  0x00007fa48381c000 JavaThread "C2 CompilerThread0" daemon [_thread_blocked, id=13315, stack(0x0000700002a68000,0x0000700002b68000)]
  0x00007fa483815800 JavaThread "Signal Dispatcher" daemon [_thread_blocked, id=16387, stack(0x0000700002965000,0x0000700002a65000)]
  0x00007fa483814800 JavaThread "Finalizer" daemon [_thread_blocked, id=18947, stack(0x0000700002862000,0x0000700002962000)]
  0x00007fa482800000 JavaThread "Reference Handler" daemon [_thread_blocked, id=12291, stack(0x000070000275f000,0x000070000285f000)]
  0x00007fa483800000 JavaThread "main" [_thread_blocked, id=9731, stack(0x0000700001d41000,0x0000700001e41000)]

Other Threads:
  0x00007fa483005800 VMThread [stack: 0x000070000265c000,0x000070000275c000] [id=19459]
  0x00007fa48386f800 WatcherThread [stack: 0x0000700002f77000,0x0000700003077000] [id=14083]

=>0x00007fa484000000 (exited) GCTaskThread [stack: 0x0000700002353000,0x0000700002453000] [id=11523]

VM state:at safepoint (normal execution)

VM Mutex/Monitor currently owned by a thread:  ([mutex/lock_event])
[0x00007fa47fe0f300] Threads_lock - owner thread: 0x00007fa483005800
[0x00007fa47fe0f800] Heap_lock - owner thread: 0x00007fa483800000

Heap:
 PSYoungGen      total 758272K, used 292352K [0x000000076ab00000, 0x00000007bb680000, 0x00000007c0000000)
  eden space 292352K, 100% used [0x000000076ab00000,0x000000077c880000,0x000000077c880000)
  from space 465920K, 0% used [0x000000077c880000,0x000000077c880000,0x0000000798f80000)
  to   space 465920K, 0% used [0x000000079ef80000,0x000000079ef80000,0x00000007bb680000)
 ParOldGen       total 2796544K, used 2796378K [0x00000006c0000000, 0x000000076ab00000, 0x000000076ab00000)
  object space 2796544K, 99% used [0x00000006c0000000,0x000000076aad6b00,0x000000076ab00000)
 Metaspace       used 3579K, capacity 4604K, committed 4864K, reserved 1056768K
  class space    used 411K, capacity 428K, committed 512K, reserved 1048576K

Card table byte_map: [0x0000000106f6e000,0x000000010776f000] byte_map_base: 0x000000010396e000

Marking Bits: (ParMarkBitMap*) 0x00000001064f76c0
 Begin Bits: [0x0000000116f74000, 0x000000011af74000)
 End Bits:   [0x000000011af74000, 0x000000011ef74000)

Polling page: 0x0000000104b21000

CodeCache: size=245760Kb used=1335Kb max_used=1348Kb free=244424Kb
 bounds [0x0000000107f74000, 0x00000001081e4000, 0x0000000116f74000]
 total_blobs=370 nmethods=114 adapters=170
 compilation: enabled

Compilation events (10 events):
Event: 0.683 Thread 0x00007fa480004000  111       4       House::<init> (5 bytes)
Event: 0.683 Thread 0x00007fa480004000 nmethod 111 0x00000001080afe90 code [0x00000001080affe0, 0x00000001080b0038]
Event: 0.684 Thread 0x00007fa48381c000 nmethod 103 0x00000001080ae190 code [0x00000001080ae2e0, 0x00000001080ae538]
Event: 0.684 Thread 0x00007fa48081d800 nmethod 109 0x00000001080add10 code [0x00000001080ade80, 0x00000001080ae008]
Event: 0.858 Thread 0x00007fa48081e000  112 % !   3       GameOfThrones::characterReader @ 233 (335 bytes)
Event: 0.864 Thread 0x00007fa48081e000 nmethod 112% 0x00000001080b19d0 code [0x00000001080b2100, 0x00000001080b71a8]
Event: 0.866 Thread 0x00007fa48081e000  113   !   3       GameOfThrones::characterReader (335 bytes)
Event: 0.870 Thread 0x00007fa48081e000 nmethod 113 0x00000001080bb5d0 code [0x00000001080bbd00, 0x00000001080c0c68]
Event: 0.871 Thread 0x00007fa480004000  114 % !   4       GameOfThrones::characterReader @ 233 (335 bytes)
Event: 0.879 Thread 0x00007fa480004000 nmethod 114% 0x00000001080ad090 code [0x00000001080ad260, 0x00000001080ad758]

GC Heap History (10 events):
Event: 4934.293 GC heap after
Heap after GC invocations=70 (full 57):
 PSYoungGen      total 758272K, used 292352K [0x000000076ab00000, 0x00000007bb680000, 0x00000007c0000000)
  eden space 292352K, 100% used [0x000000076ab00000,0x000000077c880000,0x000000077c880000)
  from space 465920K, 0% used [0x000000077c880000,0x000000077c880000,0x0000000798f80000)
  to   space 465920K, 0% used [0x000000079ef80000,0x000000079ef80000,0x00000007bb680000)
 ParOldGen       total 2796544K, used 2796368K [0x00000006c0000000, 0x000000076ab00000, 0x000000076ab00000)
  object space 2796544K, 99% used [0x00000006c0000000,0x000000076aad4308,0x000000076ab00000)
 Metaspace       used 3579K, capacity 4604K, committed 4864K, reserved 1056768K
  class space    used 411K, capacity 428K, committed 512K, reserved 1048576K
}
Event: 4934.293 GC heap before
{Heap before GC invocations=71 (full 58):
 PSYoungGen      total 758272K, used 292352K [0x000000076ab00000, 0x00000007bb680000, 0x00000007c0000000)
  eden space 292352K, 100% used [0x000000076ab00000,0x000000077c880000,0x000000077c880000)
  from space 465920K, 0% used [0x000000077c880000,0x000000077c880000,0x0000000798f80000)
  to   space 465920K, 0% used [0x000000079ef80000,0x000000079ef80000,0x00000007bb680000)
 ParOldGen       total 2796544K, used 2796370K [0x00000006c0000000, 0x000000076ab00000, 0x000000076ab00000)
  object space 2796544K, 99% used [0x00000006c0000000,0x000000076aad4b00,0x000000076ab00000)
 Metaspace       used 3579K, capacity 4604K, committed 4864K, reserved 1056768K
  class space    used 411K, capacity 428K, committed 512K, reserved 1048576K
Event: 5014.323 GC heap after
Heap after GC invocations=71 (full 58):
 PSYoungGen      total 758272K, used 292352K [0x000000076ab00000, 0x00000007bb680000, 0x00000007c0000000)
  eden space 292352K, 100% used [0x000000076ab00000,0x000000077c880000,0x000000077c880000)
  from space 465920K, 0% used [0x000000077c880000,0x000000077c880000,0x0000000798f80000)
  to   space 465920K, 0% used [0x000000079ef80000,0x000000079ef80000,0x00000007bb680000)
 ParOldGen       total 2796544K, used 2796370K [0x00000006c0000000, 0x000000076ab00000, 0x000000076ab00000)
  object space 2796544K, 99% used [0x00000006c0000000,0x000000076aad4b00,0x000000076ab00000)
 Metaspace       used 3579K, capacity 4604K, committed 4864K, reserved 1056768K
  class space    used 411K, capacity 428K, committed 512K, reserved 1048576K
}
Event: 5014.335 GC heap before
{Heap before GC invocations=72 (full 59):
 PSYoungGen      total 758272K, used 292352K [0x000000076ab00000, 0x00000007bb680000, 0x00000007c0000000)
  eden space 292352K, 100% used [0x000000076ab00000,0x000000077c880000,0x000000077c880000)
  from space 465920K, 0% used [0x000000077c880000,0x000000077c880000,0x0000000798f80000)
  to   space 465920K, 0% used [0x000000079ef80000,0x000000079ef80000,0x00000007bb680000)
 ParOldGen       total 2796544K, used 2796372K [0x00000006c0000000, 0x000000076ab00000, 0x000000076ab00000)
  object space 2796544K, 99% used [0x00000006c0000000,0x000000076aad5300,0x000000076ab00000)
 Metaspace       used 3579K, capacity 4604K, committed 4864K, reserved 1056768K
  class space    used 411K, capacity 428K, committed 512K, reserved 1048576K
Event: 5084.590 GC heap after
Heap after GC invocations=72 (full 59):
 PSYoungGen      total 758272K, used 292352K [0x000000076ab00000, 0x00000007bb680000, 0x00000007c0000000)
  eden space 292352K, 100% used [0x000000076ab00000,0x000000077c880000,0x000000077c880000)
  from space 465920K, 0% used [0x000000077c880000,0x000000077c880000,0x0000000798f80000)
  to   space 465920K, 0% used [0x000000079ef80000,0x000000079ef80000,0x00000007bb680000)
 ParOldGen       total 2796544K, used 2796372K [0x00000006c0000000, 0x000000076ab00000, 0x000000076ab00000)
  object space 2796544K, 99% used [0x00000006c0000000,0x000000076aad5300,0x000000076ab00000)
 Metaspace       used 3579K, capacity 4604K, committed 4864K, reserved 1056768K
  class space    used 411K, capacity 428K, committed 512K, reserved 1048576K
}
Event: 5084.601 GC heap before
{Heap before GC invocations=73 (full 60):
 PSYoungGen      total 758272K, used 292352K [0x000000076ab00000, 0x00000007bb680000, 0x00000007c0000000)
  eden space 292352K, 100% used [0x000000076ab00000,0x000000077c880000,0x000000077c880000)
  from space 465920K, 0% used [0x000000077c880000,0x000000077c880000,0x0000000798f80000)
  to   space 465920K, 0% used [0x000000079ef80000,0x000000079ef80000,0x00000007bb680000)
 ParOldGen       total 2796544K, used 2796374K [0x00000006c0000000, 0x000000076ab00000, 0x000000076ab00000)
  object space 2796544K, 99% used [0x00000006c0000000,0x000000076aad5b00,0x000000076ab00000)
 Metaspace       used 3579K, capacity 4604K, committed 4864K, reserved 1056768K
  class space    used 411K, capacity 428K, committed 512K, reserved 1048576K
Event: 5157.544 GC heap after
Heap after GC invocations=73 (full 60):
 PSYoungGen      total 758272K, used 292352K [0x000000076ab00000, 0x00000007bb680000, 0x00000007c0000000)
  eden space 292352K, 100% used [0x000000076ab00000,0x000000077c880000,0x000000077c880000)
  from space 465920K, 0% used [0x000000077c880000,0x000000077c880000,0x0000000798f80000)
  to   space 465920K, 0% used [0x000000079ef80000,0x000000079ef80000,0x00000007bb680000)
 ParOldGen       total 2796544K, used 2796374K [0x00000006c0000000, 0x000000076ab00000, 0x000000076ab00000)
  object space 2796544K, 99% used [0x00000006c0000000,0x000000076aad5b00,0x000000076ab00000)
 Metaspace       used 3579K, capacity 4604K, committed 4864K, reserved 1056768K
  class space    used 411K, capacity 428K, committed 512K, reserved 1048576K
}
Event: 5157.556 GC heap before
{Heap before GC invocations=74 (full 61):
 PSYoungGen      total 758272K, used 292352K [0x000000076ab00000, 0x00000007bb680000, 0x00000007c0000000)
  eden space 292352K, 100% used [0x000000076ab00000,0x000000077c880000,0x000000077c880000)
  from space 465920K, 0% used [0x000000077c880000,0x000000077c880000,0x0000000798f80000)
  to   space 465920K, 0% used [0x000000079ef80000,0x000000079ef80000,0x00000007bb680000)
 ParOldGen       total 2796544K, used 2796376K [0x00000006c0000000, 0x000000076ab00000, 0x000000076ab00000)
  object space 2796544K, 99% used [0x00000006c0000000,0x000000076aad6300,0x000000076ab00000)
 Metaspace       used 3579K, capacity 4604K, committed 4864K, reserved 1056768K
  class space    used 411K, capacity 428K, committed 512K, reserved 1048576K
Event: 5230.653 GC heap after
Heap after GC invocations=74 (full 61):
 PSYoungGen      total 758272K, used 292352K [0x000000076ab00000, 0x00000007bb680000, 0x00000007c0000000)
  eden space 292352K, 100% used [0x000000076ab00000,0x000000077c880000,0x000000077c880000)
  from space 465920K, 0% used [0x000000077c880000,0x000000077c880000,0x0000000798f80000)
  to   space 465920K, 0% used [0x000000079ef80000,0x000000079ef80000,0x00000007bb680000)
 ParOldGen       total 2796544K, used 2796376K [0x00000006c0000000, 0x000000076ab00000, 0x000000076ab00000)
  object space 2796544K, 99% used [0x00000006c0000000,0x000000076aad6300,0x000000076ab00000)
 Metaspace       used 3579K, capacity 4604K, committed 4864K, reserved 1056768K
  class space    used 411K, capacity 428K, committed 512K, reserved 1048576K
}
Event: 5230.663 GC heap before
{Heap before GC invocations=75 (full 62):
 PSYoungGen      total 758272K, used 292352K [0x000000076ab00000, 0x00000007bb680000, 0x00000007c0000000)
  eden space 292352K, 100% used [0x000000076ab00000,0x000000077c880000,0x000000077c880000)
  from space 465920K, 0% used [0x000000077c880000,0x000000077c880000,0x0000000798f80000)
  to   space 465920K, 0% used [0x000000079ef80000,0x000000079ef80000,0x00000007bb680000)
 ParOldGen       total 2796544K, used 2796378K [0x00000006c0000000, 0x000000076ab00000, 0x000000076ab00000)
  object space 2796544K, 99% used [0x00000006c0000000,0x000000076aad6b00,0x000000076ab00000)
 Metaspace       used 3579K, capacity 4604K, committed 4864K, reserved 1056768K
  class space    used 411K, capacity 428K, committed 512K, reserved 1048576K

Deoptimization events (5 events):
Event: 0.434 Thread 0x00007fa483800000 Uncommon trap: reason=unstable_if action=reinterpret pc=0x00000001080946e8 method=java.lang.String.hashCode()I @ 14
Event: 0.680 Thread 0x00007fa483800000 Uncommon trap: reason=class_check action=maybe_recompile pc=0x000000010808cac8 method=java.lang.String.equals(Ljava/lang/Object;)Z @ 8
Event: 0.680 Thread 0x00007fa483800000 Uncommon trap: reason=class_check action=maybe_recompile pc=0x000000010808cac8 method=java.lang.String.equals(Ljava/lang/Object;)Z @ 8
Event: 0.680 Thread 0x00007fa483800000 Uncommon trap: reason=class_check action=maybe_recompile pc=0x000000010808cac8 method=java.lang.String.equals(Ljava/lang/Object;)Z @ 8
Event: 0.680 Thread 0x00007fa483800000 Uncommon trap: reason=class_check action=maybe_recompile pc=0x000000010808cac8 method=java.lang.String.equals(Ljava/lang/Object;)Z @ 8

Classes redefined (0 events):
No events

Internal exceptions (6 events):
Event: 0.053 Thread 0x00007fa483800000 Exception <a 'java/lang/NoSuchMethodError': Method sun.misc.Unsafe.defineClass(Ljava/lang/String;[BII)Ljava/lang/Class; name or signature does not match> (0x000000076ab07ca0) thrown at [/Users/java_re/workspace/8-2-build-macosx-x86_64/jdk8u161/10277/hotsp
Event: 0.053 Thread 0x00007fa483800000 Exception <a 'java/lang/NoSuchMethodError': Method sun.misc.Unsafe.prefetchRead(Ljava/lang/Object;J)V name or signature does not match> (0x000000076ab07f88) thrown at [/Users/java_re/workspace/8-2-build-macosx-x86_64/jdk8u161/10277/hotspot/src/share/vm/pr
Event: 0.634 Thread 0x00007fa483800000 Exception <a 'java/security/PrivilegedActionException'> (0x000000076abe4be0) thrown at [/Users/java_re/workspace/8-2-build-macosx-x86_64/jdk8u161/10277/hotspot/src/share/vm/prims/jvm.cpp, line 1390]
Event: 0.634 Thread 0x00007fa483800000 Exception <a 'java/security/PrivilegedActionException'> (0x000000076abe4fd8) thrown at [/Users/java_re/workspace/8-2-build-macosx-x86_64/jdk8u161/10277/hotspot/src/share/vm/prims/jvm.cpp, line 1390]
Event: 0.635 Thread 0x00007fa483800000 Exception <a 'java/security/PrivilegedActionException'> (0x000000076abe84f0) thrown at [/Users/java_re/workspace/8-2-build-macosx-x86_64/jdk8u161/10277/hotspot/src/share/vm/prims/jvm.cpp, line 1390]
Event: 0.635 Thread 0x00007fa483800000 Exception <a 'java/security/PrivilegedActionException'> (0x000000076abe88e8) thrown at [/Users/java_re/workspace/8-2-build-macosx-x86_64/jdk8u161/10277/hotspot/src/share/vm/prims/jvm.cpp, line 1390]

Events (10 events):
Event: 4934.293 Executing VM operation: ParallelGCFailedAllocation done
Event: 4934.293 Executing VM operation: ParallelGCFailedAllocation
Event: 5014.324 Executing VM operation: ParallelGCFailedAllocation done
Event: 5014.324 Executing VM operation: ParallelGCFailedAllocation
Event: 5084.591 Executing VM operation: ParallelGCFailedAllocation done
Event: 5084.591 Executing VM operation: ParallelGCFailedAllocation
Event: 5157.544 Executing VM operation: ParallelGCFailedAllocation done
Event: 5157.545 Executing VM operation: ParallelGCFailedAllocation
Event: 5230.653 Executing VM operation: ParallelGCFailedAllocation done
Event: 5230.653 Executing VM operation: ParallelGCFailedAllocation


Dynamic libraries:
0x0000000000a38000 	/System/Library/Frameworks/Cocoa.framework/Versions/A/Cocoa
0x0000000000a38000 	/System/Library/Frameworks/Security.framework/Versions/A/Security
0x0000000000a38000 	/System/Library/Frameworks/ApplicationServices.framework/Versions/A/ApplicationServices
0x0000000000a38000 	/usr/lib/libz.1.dylib
0x0000000000a38000 	/usr/lib/libSystem.B.dylib
0x0000000000a38000 	/usr/lib/libobjc.A.dylib
0x0000000000a38000 	/System/Library/Frameworks/CoreFoundation.framework/Versions/A/CoreFoundation
0x0000000000a38000 	/System/Library/Frameworks/Foundation.framework/Versions/C/Foundation
0x0000000000a38000 	/System/Library/Frameworks/AppKit.framework/Versions/C/AppKit
0x0000000000a38000 	/System/Library/Frameworks/CoreData.framework/Versions/A/CoreData
0x0000000000a38000 	/System/Library/PrivateFrameworks/RemoteViewServices.framework/Versions/A/RemoteViewServices
0x0000000000a38000 	/System/Library/PrivateFrameworks/UIFoundation.framework/Versions/A/UIFoundation
0x0000000000a38000 	/System/Library/PrivateFrameworks/XCTTargetBootstrap.framework/Versions/A/XCTTargetBootstrap
0x0000000000a38000 	/System/Library/PrivateFrameworks/IconServices.framework/Versions/A/IconServices
0x0000000000a38000 	/System/Library/Frameworks/Metal.framework/Versions/A/Metal
0x0000000000a38000 	/System/Library/PrivateFrameworks/DesktopServicesPriv.framework/Versions/A/DesktopServicesPriv
0x0000000000a38000 	/usr/lib/libenergytrace.dylib
0x0000000000a38000 	/System/Library/PrivateFrameworks/SkyLight.framework/Versions/A/SkyLight
0x0000000000a38000 	/System/Library/Frameworks/CoreGraphics.framework/Versions/A/CoreGraphics
0x0000000000a38000 	/System/Library/Frameworks/Accelerate.framework/Versions/A/Accelerate
0x0000000000a38000 	/System/Library/Frameworks/IOSurface.framework/Versions/A/IOSurface
0x0000000000a38000 	/System/Library/PrivateFrameworks/DFRFoundation.framework/Versions/A/DFRFoundation
0x0000000000a38000 	/System/Library/Frameworks/AudioToolbox.framework/Versions/A/AudioToolbox
0x0000000000a38000 	/System/Library/Frameworks/AudioUnit.framework/Versions/A/AudioUnit
0x0000000000a38000 	/System/Library/PrivateFrameworks/DataDetectorsCore.framework/Versions/A/DataDetectorsCore
0x0000000000a38000 	/System/Library/Frameworks/Carbon.framework/Versions/A/Frameworks/HIToolbox.framework/Versions/A/HIToolbox
0x0000000000a38000 	/usr/lib/libicucore.A.dylib
0x0000000000a38000 	/System/Library/Frameworks/QuartzCore.framework/Versions/A/QuartzCore
0x0000000000a38000 	/System/Library/Frameworks/Carbon.framework/Versions/A/Frameworks/SpeechRecognition.framework/Versions/A/SpeechRecognition
0x0000000000a38000 	/usr/lib/libauto.dylib
0x0000000000a38000 	/usr/lib/libxml2.2.dylib
0x0000000000a38000 	/System/Library/PrivateFrameworks/CoreUI.framework/Versions/A/CoreUI
0x0000000000a38000 	/System/Library/Frameworks/CoreAudio.framework/Versions/A/CoreAudio
0x0000000000a38000 	/System/Library/Frameworks/DiskArbitration.framework/Versions/A/DiskArbitration
0x0000000000a38000 	/usr/lib/liblangid.dylib
0x0000000000a38000 	/System/Library/PrivateFrameworks/MultitouchSupport.framework/Versions/A/MultitouchSupport
0x0000000000a38000 	/System/Library/Frameworks/IOKit.framework/Versions/A/IOKit
0x0000000000a38000 	/usr/lib/libDiagnosticMessagesClient.dylib
0x0000000000a38000 	/System/Library/Frameworks/CoreServices.framework/Versions/A/CoreServices
0x0000000000a38000 	/System/Library/PrivateFrameworks/PerformanceAnalysis.framework/Versions/A/PerformanceAnalysis
0x0000000000a38000 	/System/Library/Frameworks/OpenGL.framework/Versions/A/OpenGL
0x0000000000a38000 	/System/Library/Frameworks/ColorSync.framework/Versions/A/ColorSync
0x0000000000a38000 	/System/Library/Frameworks/CoreImage.framework/Versions/A/CoreImage
0x0000000000a38000 	/System/Library/Frameworks/CoreText.framework/Versions/A/CoreText
0x0000000000a38000 	/System/Library/Frameworks/ImageIO.framework/Versions/A/ImageIO
0x0000000000a38000 	/System/Library/PrivateFrameworks/Backup.framework/Versions/A/Backup
0x0000000000a38000 	/usr/lib/libarchive.2.dylib
0x0000000000a38000 	/System/Library/Frameworks/CFNetwork.framework/Versions/A/CFNetwork
0x0000000000a38000 	/System/Library/Frameworks/SystemConfiguration.framework/Versions/A/SystemConfiguration
0x0000000000a38000 	/usr/lib/libCRFSuite.dylib
0x0000000000a38000 	/usr/lib/libc++.1.dylib
0x0000000000a38000 	/usr/lib/libc++abi.dylib
0x0000000000a38000 	/usr/lib/system/libcache.dylib
0x0000000000a38000 	/usr/lib/system/libcommonCrypto.dylib
0x0000000000a38000 	/usr/lib/system/libcompiler_rt.dylib
0x0000000000a38000 	/usr/lib/system/libcopyfile.dylib
0x0000000000a38000 	/usr/lib/system/libcorecrypto.dylib
0x0000000000a38000 	/usr/lib/system/libdispatch.dylib
0x0000000000a38000 	/usr/lib/system/libdyld.dylib
0x0000000000a38000 	/usr/lib/system/libkeymgr.dylib
0x0000000000a38000 	/usr/lib/system/liblaunch.dylib
0x0000000000a38000 	/usr/lib/system/libmacho.dylib
0x0000000000a38000 	/usr/lib/system/libquarantine.dylib
0x0000000000a38000 	/usr/lib/system/libremovefile.dylib
0x0000000000a38000 	/usr/lib/system/libsystem_asl.dylib
0x0000000000a38000 	/usr/lib/system/libsystem_blocks.dylib
0x0000000000a38000 	/usr/lib/system/libsystem_c.dylib
0x0000000000a38000 	/usr/lib/system/libsystem_configuration.dylib
0x0000000000a38000 	/usr/lib/system/libsystem_coreservices.dylib
0x0000000000a38000 	/usr/lib/system/libsystem_darwin.dylib
0x0000000000a38000 	/usr/lib/system/libsystem_dnssd.dylib
0x0000000000a38000 	/usr/lib/system/libsystem_info.dylib
0x0000000000a38000 	/usr/lib/system/libsystem_m.dylib
0x0000000000a38000 	/usr/lib/system/libsystem_malloc.dylib
0x0000000000a38000 	/usr/lib/system/libsystem_networkextension.dylib
0x0000000000a38000 	/usr/lib/system/libsystem_notify.dylib
0x0000000000a38000 	/usr/lib/system/libsystem_sandbox.dylib
0x0000000000a38000 	/usr/lib/system/libsystem_secinit.dylib
0x0000000000a38000 	/usr/lib/system/libsystem_kernel.dylib
0x0000000000a38000 	/usr/lib/system/libsystem_platform.dylib
0x0000000000a38000 	/usr/lib/system/libsystem_pthread.dylib
0x0000000000a38000 	/usr/lib/system/libsystem_symptoms.dylib
0x0000000000a38000 	/usr/lib/system/libsystem_trace.dylib
0x0000000000a38000 	/usr/lib/system/libunwind.dylib
0x0000000000a38000 	/usr/lib/system/libxpc.dylib
0x0000000000a38000 	/usr/lib/libbsm.0.dylib
0x0000000000a38000 	/usr/lib/system/libkxld.dylib
0x0000000000a38000 	/System/Library/PrivateFrameworks/AppleFSCompression.framework/Versions/A/AppleFSCompression
0x0000000000a38000 	/usr/lib/libOpenScriptingUtil.dylib
0x0000000000a38000 	/usr/lib/libcoretls.dylib
0x0000000000a38000 	/usr/lib/libcoretls_cfhelpers.dylib
0x0000000000a38000 	/usr/lib/libpam.2.dylib
0x0000000000a38000 	/usr/lib/libsqlite3.dylib
0x0000000000a38000 	/usr/lib/libxar.1.dylib
0x0000000000a38000 	/usr/lib/libbz2.1.0.dylib
0x0000000000a38000 	/usr/lib/liblzma.5.dylib
0x0000000000a38000 	/usr/lib/libnetwork.dylib
0x0000000000a38000 	/usr/lib/libapple_nghttp2.dylib
0x0000000000a38000 	/usr/lib/libpcap.A.dylib
0x0000000000a38000 	/System/Library/Frameworks/CoreServices.framework/Versions/A/Frameworks/FSEvents.framework/Versions/A/FSEvents
0x0000000000a38000 	/System/Library/Frameworks/CoreServices.framework/Versions/A/Frameworks/CarbonCore.framework/Versions/A/CarbonCore
0x0000000000a38000 	/System/Library/Frameworks/CoreServices.framework/Versions/A/Frameworks/Metadata.framework/Versions/A/Metadata
0x0000000000a38000 	/System/Library/Frameworks/CoreServices.framework/Versions/A/Frameworks/OSServices.framework/Versions/A/OSServices
0x0000000000a38000 	/System/Library/Frameworks/CoreServices.framework/Versions/A/Frameworks/SearchKit.framework/Versions/A/SearchKit
0x0000000000a38000 	/System/Library/Frameworks/CoreServices.framework/Versions/A/Frameworks/AE.framework/Versions/A/AE
0x0000000000a38000 	/System/Library/Frameworks/CoreServices.framework/Versions/A/Frameworks/LaunchServices.framework/Versions/A/LaunchServices
0x0000000000a38000 	/System/Library/Frameworks/CoreServices.framework/Versions/A/Frameworks/DictionaryServices.framework/Versions/A/DictionaryServices
0x0000000000a38000 	/System/Library/Frameworks/CoreServices.framework/Versions/A/Frameworks/SharedFileList.framework/Versions/A/SharedFileList
0x0000000000a38000 	/System/Library/Frameworks/NetFS.framework/Versions/A/NetFS
0x0000000000a38000 	/System/Library/PrivateFrameworks/NetAuth.framework/Versions/A/NetAuth
0x0000000000a38000 	/System/Library/PrivateFrameworks/login.framework/Versions/A/Frameworks/loginsupport.framework/Versions/A/loginsupport
0x0000000000a38000 	/System/Library/PrivateFrameworks/TCC.framework/Versions/A/TCC
0x0000000000a38000 	/System/Library/PrivateFrameworks/CoreNLP.framework/Versions/A/CoreNLP
0x0000000000a38000 	/System/Library/PrivateFrameworks/MetadataUtilities.framework/Versions/A/MetadataUtilities
0x0000000000a38000 	/usr/lib/libmecabra.dylib
0x0000000000a38000 	/System/Library/Frameworks/ApplicationServices.framework/Versions/A/Frameworks/ATS.framework/Versions/A/ATS
0x0000000000a38000 	/System/Library/Frameworks/ApplicationServices.framework/Versions/A/Frameworks/ColorSyncLegacy.framework/Versions/A/ColorSyncLegacy
0x0000000000a38000 	/System/Library/Frameworks/ApplicationServices.framework/Versions/A/Frameworks/HIServices.framework/Versions/A/HIServices
0x0000000000a38000 	/System/Library/Frameworks/ApplicationServices.framework/Versions/A/Frameworks/LangAnalysis.framework/Versions/A/LangAnalysis
0x0000000000a38000 	/System/Library/Frameworks/ApplicationServices.framework/Versions/A/Frameworks/PrintCore.framework/Versions/A/PrintCore
0x0000000000a38000 	/System/Library/Frameworks/ApplicationServices.framework/Versions/A/Frameworks/QD.framework/Versions/A/QD
0x0000000000a38000 	/System/Library/Frameworks/ApplicationServices.framework/Versions/A/Frameworks/SpeechSynthesis.framework/Versions/A/SpeechSynthesis
0x0000000000a38000 	/usr/lib/libcompression.dylib
0x0000000000a38000 	/System/Library/Frameworks/CoreDisplay.framework/Versions/A/CoreDisplay
0x0000000000a38000 	/System/Library/Frameworks/MetalPerformanceShaders.framework/Versions/A/MetalPerformanceShaders
0x0000000000a38000 	/System/Library/Frameworks/Accelerate.framework/Versions/A/Frameworks/vImage.framework/Versions/A/vImage
0x0000000000a38000 	/System/Library/Frameworks/Accelerate.framework/Versions/A/Frameworks/vecLib.framework/Versions/A/vecLib
0x0000000000a38000 	/System/Library/Frameworks/Accelerate.framework/Versions/A/Frameworks/vecLib.framework/Versions/A/libvMisc.dylib
0x0000000000a38000 	/System/Library/Frameworks/Accelerate.framework/Versions/A/Frameworks/vecLib.framework/Versions/A/libvDSP.dylib
0x0000000000a38000 	/System/Library/Frameworks/Accelerate.framework/Versions/A/Frameworks/vecLib.framework/Versions/A/libBLAS.dylib
0x0000000000a38000 	/System/Library/Frameworks/Accelerate.framework/Versions/A/Frameworks/vecLib.framework/Versions/A/libLAPACK.dylib
0x0000000000a38000 	/System/Library/Frameworks/Accelerate.framework/Versions/A/Frameworks/vecLib.framework/Versions/A/libLinearAlgebra.dylib
0x0000000000a38000 	/System/Library/Frameworks/Accelerate.framework/Versions/A/Frameworks/vecLib.framework/Versions/A/libSparseBLAS.dylib
0x0000000000a38000 	/System/Library/Frameworks/Accelerate.framework/Versions/A/Frameworks/vecLib.framework/Versions/A/libQuadrature.dylib
0x0000000000a38000 	/System/Library/Frameworks/Accelerate.framework/Versions/A/Frameworks/vecLib.framework/Versions/A/libBNNS.dylib
0x0000000000a38000 	/System/Library/Frameworks/Accelerate.framework/Versions/A/Frameworks/vecLib.framework/Versions/A/libSparse.dylib
0x0000000000a38000 	/System/Library/PrivateFrameworks/GPUWrangler.framework/Versions/A/GPUWrangler
0x0000000000a38000 	/System/Library/PrivateFrameworks/IOAccelerator.framework/Versions/A/IOAccelerator
0x0000000000a38000 	/System/Library/PrivateFrameworks/IOPresentment.framework/Versions/A/IOPresentment
0x0000000000a38000 	/System/Library/PrivateFrameworks/DSExternalDisplay.framework/Versions/A/DSExternalDisplay
0x0000000000a38000 	/System/Library/Frameworks/OpenGL.framework/Versions/A/Libraries/libCoreFSCache.dylib
0x0000000000a38000 	/System/Library/Frameworks/MetalPerformanceShaders.framework/Frameworks/MPSCore.framework/Versions/A/MPSCore
0x0000000000a38000 	/System/Library/Frameworks/MetalPerformanceShaders.framework/Frameworks/MPSImage.framework/Versions/A/MPSImage
0x0000000000a38000 	/System/Library/Frameworks/MetalPerformanceShaders.framework/Frameworks/MPSNeuralNetwork.framework/Versions/A/MPSNeuralNetwork
0x0000000000a38000 	/System/Library/Frameworks/MetalPerformanceShaders.framework/Frameworks/MPSMatrix.framework/Versions/A/MPSMatrix
0x0000000000a38000 	/System/Library/Frameworks/MetalPerformanceShaders.framework/Frameworks/MPSRayIntersector.framework/Versions/A/MPSRayIntersector
0x0000000000a38000 	/System/Library/PrivateFrameworks/MetalTools.framework/Versions/A/MetalTools
0x0000000000a38000 	/System/Library/PrivateFrameworks/AggregateDictionary.framework/Versions/A/AggregateDictionary
0x0000000000a38000 	/usr/lib/libMobileGestalt.dylib
0x0000000000a38000 	/System/Library/Frameworks/CoreVideo.framework/Versions/A/CoreVideo
0x0000000000a38000 	/System/Library/PrivateFrameworks/GraphVisualizer.framework/Versions/A/GraphVisualizer
0x0000000000a38000 	/System/Library/PrivateFrameworks/FaceCore.framework/Versions/A/FaceCore
0x0000000000a38000 	/System/Library/Frameworks/OpenCL.framework/Versions/A/OpenCL
0x0000000000a38000 	/usr/lib/libFosl_dynamic.dylib
0x0000000000a38000 	/System/Library/PrivateFrameworks/OTSVG.framework/Versions/A/OTSVG
0x0000000000a38000 	/System/Library/Frameworks/ApplicationServices.framework/Versions/A/Frameworks/ATS.framework/Versions/A/Resources/libFontParser.dylib
0x0000000000a38000 	/System/Library/Frameworks/ApplicationServices.framework/Versions/A/Frameworks/ATS.framework/Versions/A/Resources/libFontRegistry.dylib
0x0000000000a38000 	/System/Library/Frameworks/ImageIO.framework/Versions/A/Resources/libJPEG.dylib
0x0000000000a38000 	/System/Library/Frameworks/ImageIO.framework/Versions/A/Resources/libTIFF.dylib
0x0000000000a38000 	/System/Library/Frameworks/ImageIO.framework/Versions/A/Resources/libPng.dylib
0x0000000000a38000 	/System/Library/Frameworks/ImageIO.framework/Versions/A/Resources/libGIF.dylib
0x0000000000a38000 	/System/Library/Frameworks/ImageIO.framework/Versions/A/Resources/libJP2.dylib
0x0000000000a38000 	/System/Library/Frameworks/ImageIO.framework/Versions/A/Resources/libRadiance.dylib
0x0000000000a38000 	/System/Library/PrivateFrameworks/AppleJPEG.framework/Versions/A/AppleJPEG
0x0000000000a38000 	/System/Library/Frameworks/OpenGL.framework/Versions/A/Libraries/libGFXShared.dylib
0x0000000000a38000 	/System/Library/Frameworks/OpenGL.framework/Versions/A/Libraries/libGLU.dylib
0x0000000000a38000 	/System/Library/Frameworks/OpenGL.framework/Versions/A/Libraries/libGL.dylib
0x0000000000a38000 	/System/Library/Frameworks/OpenGL.framework/Versions/A/Libraries/libGLImage.dylib
0x0000000000a38000 	/System/Library/Frameworks/OpenGL.framework/Versions/A/Libraries/libCVMSPluginSupport.dylib
0x0000000000a38000 	/System/Library/Frameworks/OpenGL.framework/Versions/A/Libraries/libCoreVMClient.dylib
0x0000000000a38000 	/usr/lib/libcups.2.dylib
0x0000000000a38000 	/System/Library/Frameworks/Kerberos.framework/Versions/A/Kerberos
0x0000000000a38000 	/System/Library/Frameworks/GSS.framework/Versions/A/GSS
0x0000000000a38000 	/usr/lib/libresolv.9.dylib
0x0000000000a38000 	/usr/lib/libiconv.2.dylib
0x0000000000a38000 	/System/Library/PrivateFrameworks/Heimdal.framework/Versions/A/Heimdal
0x0000000000a38000 	/usr/lib/libheimdal-asn1.dylib
0x0000000000a38000 	/System/Library/Frameworks/OpenDirectory.framework/Versions/A/OpenDirectory
0x0000000000a38000 	/System/Library/PrivateFrameworks/CommonAuth.framework/Versions/A/CommonAuth
0x0000000000a38000 	/System/Library/Frameworks/OpenDirectory.framework/Versions/A/Frameworks/CFOpenDirectory.framework/Versions/A/CFOpenDirectory
0x0000000000a38000 	/System/Library/Frameworks/SecurityFoundation.framework/Versions/A/SecurityFoundation
0x0000000000a38000 	/System/Library/PrivateFrameworks/APFS.framework/Versions/A/APFS
0x0000000000a38000 	/usr/lib/libutil.dylib
0x0000000000a38000 	/usr/lib/libcharset.1.dylib
0x0000000000a38000 	/System/Library/PrivateFrameworks/AppleSauce.framework/Versions/A/AppleSauce
0x0000000000a38000 	/System/Library/PrivateFrameworks/AssertionServices.framework/Versions/A/AssertionServices
0x0000000000a38000 	/System/Library/PrivateFrameworks/BaseBoard.framework/Versions/A/BaseBoard
0x0000000000a38000 	/usr/lib/libmecab.1.0.0.dylib
0x0000000000a38000 	/usr/lib/libgermantok.dylib
0x0000000000a38000 	/usr/lib/libThaiTokenizer.dylib
0x0000000000a38000 	/usr/lib/libChineseTokenizer.dylib
0x0000000000a38000 	/System/Library/PrivateFrameworks/LanguageModeling.framework/Versions/A/LanguageModeling
0x0000000000a38000 	/System/Library/PrivateFrameworks/CoreEmoji.framework/Versions/A/CoreEmoji
0x0000000000a38000 	/System/Library/PrivateFrameworks/Lexicon.framework/Versions/A/Lexicon
0x0000000000a38000 	/System/Library/PrivateFrameworks/LinguisticData.framework/Versions/A/LinguisticData
0x0000000000a38000 	/usr/lib/libcmph.dylib
0x0000000000a38000 	/System/Library/Frameworks/ServiceManagement.framework/Versions/A/ServiceManagement
0x0000000000a38000 	/System/Library/PrivateFrameworks/BackgroundTaskManagement.framework/Versions/A/BackgroundTaskManagement
0x0000000000a38000 	/usr/lib/libxslt.1.dylib
0x0000000000a38000 	/System/Library/Frameworks/Carbon.framework/Versions/A/Frameworks/Ink.framework/Versions/A/Ink
0x0000000000a38000 	/System/Library/PrivateFrameworks/TextureIO.framework/Versions/A/TextureIO
0x0000000000a38000 	/usr/lib/libate.dylib
0x0000000000a38000 	/System/Library/PrivateFrameworks/CrashReporterSupport.framework/Versions/A/CrashReporterSupport
0x0000000000a38000 	/System/Library/PrivateFrameworks/Sharing.framework/Versions/A/Sharing
0x0000000000a38000 	/System/Library/PrivateFrameworks/AuthKit.framework/Versions/A/AuthKit
0x0000000000a38000 	/System/Library/PrivateFrameworks/Apple80211.framework/Versions/A/Apple80211
0x0000000000a38000 	/System/Library/PrivateFrameworks/CoreUtils.framework/Versions/A/CoreUtils
0x0000000000a38000 	/System/Library/Frameworks/CoreWLAN.framework/Versions/A/CoreWLAN
0x0000000000a38000 	/System/Library/Frameworks/IOBluetooth.framework/Versions/A/IOBluetooth
0x0000000000a38000 	/System/Library/PrivateFrameworks/ProtocolBuffer.framework/Versions/A/ProtocolBuffer
0x0000000000a38000 	/System/Library/PrivateFrameworks/MobileKeyBag.framework/Versions/A/MobileKeyBag
0x0000000000a38000 	/System/Library/PrivateFrameworks/CorePhoneNumbers.framework/Versions/A/CorePhoneNumbers
0x0000000000a38000 	/System/Library/PrivateFrameworks/AppleIDAuthSupport.framework/Versions/A/AppleIDAuthSupport
0x0000000000a38000 	/System/Library/PrivateFrameworks/KeychainCircle.framework/Versions/A/KeychainCircle
0x0000000000a38000 	/System/Library/PrivateFrameworks/ROCKit.framework/Versions/A/ROCKit
0x0000000000a38000 	/System/Library/PrivateFrameworks/CoreWiFi.framework/Versions/A/CoreWiFi
0x0000000000a38000 	/System/Library/Frameworks/CoreBluetooth.framework/Versions/A/CoreBluetooth
0x0000000000a38000 	/System/Library/PrivateFrameworks/DebugSymbols.framework/Versions/A/DebugSymbols
0x0000000000a38000 	/System/Library/PrivateFrameworks/CoreSymbolication.framework/Versions/A/CoreSymbolication
0x0000000000a38000 	/System/Library/PrivateFrameworks/Symbolication.framework/Versions/A/Symbolication
0x0000000000a38000 	/System/Library/PrivateFrameworks/SpeechRecognitionCore.framework/Versions/A/SpeechRecognitionCore
0x0000000105c00000 	/Library/Java/JavaVirtualMachines/jdk1.8.0_161.jdk/Contents/Home/jre/lib/server/libjvm.dylib
0x0000000000a38000 	/usr/lib/libstdc++.6.dylib
0x0000000104add000 	/Library/Java/JavaVirtualMachines/jdk1.8.0_161.jdk/Contents/Home/jre/lib/libverify.dylib
0x0000000104aeb000 	/Library/Java/JavaVirtualMachines/jdk1.8.0_161.jdk/Contents/Home/jre/lib/libjava.dylib
0x0000000104b6b000 	/Library/Java/JavaVirtualMachines/jdk1.8.0_161.jdk/Contents/Home/jre/lib/libzip.dylib
0x0000000121d88000 	/Library/Java/JavaVirtualMachines/jdk1.8.0_161.jdk/Contents/Home/jre/lib/libnet.dylib
0x0000000121de7000 	/Library/Java/JavaVirtualMachines/jdk1.8.0_161.jdk/Contents/Home/jre/lib/libnio.dylib

VM Arguments:
jvm_args: -Dfile.encoding=UTF-8 
java_command: GameOfThrones
java_class_path (initial): /Library/Java/JavaVirtualMachines/jdk1.8.0_161.jdk/Contents/Home/jre/lib/resources.jar:/Library/Java/JavaVirtualMachines/jdk1.8.0_161.jdk/Contents/Home/jre/lib/rt.jar:/Library/Java/JavaVirtualMachines/jdk1.8.0_161.jdk/Contents/Home/jre/lib/jsse.jar:/Library/Java/JavaVirtualMachines/jdk1.8.0_161.jdk/Contents/Home/jre/lib/jce.jar:/Library/Java/JavaVirtualMachines/jdk1.8.0_161.jdk/Contents/Home/jre/lib/charsets.jar:/Library/Java/JavaVirtualMachines/jdk1.8.0_161.jdk/Contents/Home/jre/lib/jfr.jar:/Library/Java/JavaVirtualMachines/jdk1.8.0_161.jdk/Contents/Home/jre/lib/ext/sunec.jar:/Library/Java/JavaVirtualMachines/jdk1.8.0_161.jdk/Contents/Home/jre/lib/ext/nashorn.jar:/Library/Java/JavaVirtualMachines/jdk1.8.0_161.jdk/Contents/Home/jre/lib/ext/cldrdata.jar:/Library/Java/JavaVirtualMachines/jdk1.8.0_161.jdk/Contents/Home/jre/lib/ext/jfxrt.jar:/Library/Java/JavaVirtualMachines/jdk1.8.0_161.jdk/Contents/Home/jre/lib/ext/dnsns.jar:/Library/Java/JavaVirtualMachines/jdk1.8.0_161.jdk/Contents/Home/jre/lib/ext/localedata.jar:/Library/Java/JavaVirtualMachines/jdk1.8.0_161.jdk/Contents/Home/jre/lib/ext/sunjce_provider.jar:/Library/Java/JavaVirtualMachines/jdk1.8.0_161.jdk/Contents/Home/jre/lib/ext/sunpkcs11.jar:/Library/Java/JavaVirtualMachines/jdk1.8.0_161.jdk/Contents/Home/jre/lib/ext/jaccess.jar:/Library/Java/JavaVirtualMachines/jdk1.8.0_161.jdk/Contents/Home/jre/lib/ext/zipfs.jar:/System/Library/Java/Extensions/MRJToolkit.jar:/Users/roberttaddeo/eclipse-workspace/DataStructures3/bin
Launcher Type: SUN_STANDARD

Environment Variables:
PATH=/usr/bin:/bin:/usr/sbin:/sbin
SHELL=/bin/bash
DISPLAY=/private/tmp/com.apple.launchd.tonwwwPw1f/org.macosforge.xquartz:0

Signal Handlers:
SIGSEGV: [libjvm.dylib+0x5b5439], sa_mask[0]=11111111011111110111111111111111, sa_flags=SA_ONSTACK|SA_RESTART|SA_SIGINFO
SIGBUS: [libjvm.dylib+0x5b5439], sa_mask[0]=11111111011111110111111111111111, sa_flags=SA_RESTART|SA_SIGINFO
SIGFPE: [libjvm.dylib+0x48ae24], sa_mask[0]=11111111011111110111111111111111, sa_flags=SA_RESTART|SA_SIGINFO
SIGPIPE: [libjvm.dylib+0x48ae24], sa_mask[0]=11111111011111110111111111111111, sa_flags=SA_RESTART|SA_SIGINFO
SIGXFSZ: [libjvm.dylib+0x48ae24], sa_mask[0]=11111111011111110111111111111111, sa_flags=SA_RESTART|SA_SIGINFO
SIGILL: [libjvm.dylib+0x48ae24], sa_mask[0]=11111111011111110111111111111111, sa_flags=SA_RESTART|SA_SIGINFO
SIGUSR1: SIG_DFL, sa_mask[0]=00000000000000000000000000000000, sa_flags=none
SIGUSR2: [libjvm.dylib+0x48a942], sa_mask[0]=00100000000000000000000000000000, sa_flags=SA_RESTART|SA_SIGINFO
SIGHUP: [libjvm.dylib+0x488f0d], sa_mask[0]=11111111011111110111111111111111, sa_flags=SA_RESTART|SA_SIGINFO
SIGINT: [libjvm.dylib+0x488f0d], sa_mask[0]=11111111011111110111111111111111, sa_flags=SA_RESTART|SA_SIGINFO
SIGTERM: [libjvm.dylib+0x488f0d], sa_mask[0]=11111111011111110111111111111111, sa_flags=SA_RESTART|SA_SIGINFO
SIGQUIT: [libjvm.dylib+0x488f0d], sa_mask[0]=11111111011111110111111111111111, sa_flags=SA_RESTART|SA_SIGINFO


---------------  S Y S T E M  ---------------

OS:Bsduname:Darwin 18.0.0 Darwin Kernel Version 18.0.0: Wed Aug 22 20:13:40 PDT 2018; root:xnu-4903.201.2~1/RELEASE_X86_64 x86_64
rlimit: STACK 8192k, CORE 0k, NPROC 1418, NOFILE 10240, AS infinity
load average:130.33 174.89 205.54

CPU:total 8 (initial active 8) (4 cores per cpu, 2 threads per core) family 6 model 158 stepping 9, cmov, cx8, fxsr, mmx, sse, sse2, sse3, ssse3, sse4.1, sse4.2, popcnt, avx, avx2, aes, clmul, erms, 3dnowpref, lzcnt, ht, tsc, tscinvbit, bmi1, bmi2, adx

Memory: 4k page, physical 16777216k(61144k free)

/proc/meminfo:


vm_info: Java HotSpot(TM) 64-Bit Server VM (25.161-b12) for bsd-amd64 JRE (1.8.0_161-b12), built on Dec 19 2017 16:22:20 by "java_re" with gcc 4.2.1 (Based on Apple Inc. build 5658) (LLVM build 2336.11.00)

time: Mon Nov  5 15:47:01 2018
elapsed time: 5289 seconds (0d 1h 28m 9s)

